02-04-2024 09:25:11:2511 [32minfo[39m: [32m[2024-04-02T07:25:11.282Z] - Démarrage du serveur Express.[39m
02-04-2024 09:25:31:2531 [32minfo[39m: [32mRequête GET /1/oeuvres-homePage - IP: ::1[39m
02-04-2024 09:25:31:2531 [32minfo[39m: [32mRequête GET /1 - IP: ::1[39m
02-04-2024 09:25:31:2531 [32minfo[39m: [32mRequête GET /1/categories/oeuvres - IP: ::1[39m
02-04-2024 09:25:31:2531 [32minfo[39m: [32mRequête GET /1/configuration - IP: ::1[39m
02-04-2024 09:25:31:2531 [32minfo[39m: [32mRequête GET /1/categories - IP: ::1[39m
02-04-2024 09:28:05:285 [32minfo[39m: [32mRequête GET /1/categories - IP: ::1[39m
02-04-2024 09:28:05:285 [32minfo[39m: [32mRequête GET /1/oeuvres - IP: ::1[39m
02-04-2024 10:40:55:4055 [32minfo[39m: [32m[2024-04-02T08:40:55.134Z] - Démarrage du serveur Express.[39m
02-04-2024 10:40:55:4055 [32minfo[39m: [32mRequête GET /favicon.ico - IP: ::1[39m
02-04-2024 10:41:09:419 [32minfo[39m: [32mRequête GET /1 - IP: ::1[39m
02-04-2024 10:45:31:4531 [32minfo[39m: [32mRequête GET /1/categories - IP: ::1[39m
02-04-2024 10:50:12:5012 [32minfo[39m: [32m[2024-04-02T08:50:12.229Z] - Démarrage du serveur Express.[39m
02-04-2024 10:50:16:5016 [32minfo[39m: [32mRequête GET /1/categories - IP: ::1[39m
02-04-2024 10:50:18:5018 [32minfo[39m: [32mRequête GET /1/categories - IP: ::1[39m
02-04-2024 10:50:19:5019 [32minfo[39m: [32mRequête GET /1/categories - IP: ::1[39m
02-04-2024 10:50:20:5020 [32minfo[39m: [32mRequête GET /1/categories - IP: ::1[39m
02-04-2024 10:52:00:520 [32minfo[39m: [32m[2024-04-02T08:52:00.192Z] - Démarrage du serveur Express.[39m
02-04-2024 10:52:01:521 [32minfo[39m: [32mRequête GET /1/categories/oeuvres - IP: ::1[39m
02-04-2024 10:53:53:5353 [32minfo[39m: [32mRequête GET /1/categories/2 - IP: ::1[39m
02-04-2024 14:58:34:5834 [32minfo[39m: [32m[2024-04-02T12:58:34.901Z] - Démarrage du serveur Express.[39m
02-04-2024 14:58:44:5844 [32minfo[39m: [32mRequête GET /1/categories - IP: ::1[39m
02-04-2024 14:58:44:5844 [32minfo[39m: [32mRequête GET /1/oeuvres - IP: ::1[39m
02-04-2024 14:59:07:597 [32minfo[39m: [32mRequête GET /1/categories - IP: ::1[39m
02-04-2024 14:59:07:597 [32minfo[39m: [32mRequête GET /1/oeuvres - IP: ::1[39m
02-04-2024 14:59:41:5941 [32minfo[39m: [32mRequête GET /1/categories - IP: ::1[39m
02-04-2024 14:59:41:5941 [32minfo[39m: [32mRequête GET /1/oeuvres - IP: ::1[39m
02-04-2024 14:59:48:5948 [32minfo[39m: [32mRequête GET /1/categories - IP: ::1[39m
02-04-2024 14:59:48:5948 [32minfo[39m: [32mRequête GET /1/oeuvres - IP: ::1[39m
02-04-2024 15:01:00:10 [32minfo[39m: [32mRequête GET /1/categories - IP: ::1[39m
02-04-2024 15:01:00:10 [32minfo[39m: [32mRequête GET /1/oeuvres - IP: ::1[39m
02-04-2024 15:01:12:112 [32minfo[39m: [32mRequête GET /1/categories - IP: ::1[39m
02-04-2024 15:01:12:112 [32minfo[39m: [32mRequête GET /1/oeuvres - IP: ::1[39m
02-04-2024 15:05:07:57 [32minfo[39m: [32mRequête GET /1/oeuvres-homePage - IP: ::1[39m
02-04-2024 15:05:07:57 [32minfo[39m: [32mRequête GET /1 - IP: ::1[39m
02-04-2024 15:05:07:57 [32minfo[39m: [32mRequête GET /1/categories/oeuvres - IP: ::1[39m
02-04-2024 15:05:07:57 [32minfo[39m: [32mRequête GET /1/configuration - IP: ::1[39m
02-04-2024 15:05:07:57 [32minfo[39m: [32mRequête GET /1/categories - IP: ::1[39m
02-04-2024 15:16:49:1649 [32minfo[39m: [32mRequête GET /1/oeuvres-homePage - IP: ::1[39m
02-04-2024 15:16:49:1649 [32minfo[39m: [32mRequête GET /1 - IP: ::1[39m
02-04-2024 15:16:49:1649 [32minfo[39m: [32mRequête GET /1/categories/oeuvres - IP: ::1[39m
02-04-2024 15:16:49:1649 [32minfo[39m: [32mRequête GET /1/configuration - IP: ::1[39m
02-04-2024 15:16:49:1649 [32minfo[39m: [32mRequête GET /1/categories - IP: ::1[39m
02-04-2024 15:16:52:1652 [32minfo[39m: [32mRequête GET /1/categories - IP: ::1[39m
02-04-2024 15:16:52:1652 [32minfo[39m: [32mRequête GET /1/oeuvres - IP: ::1[39m
02-04-2024 21:47:12:4712 [32minfo[39m: [32m[2024-04-02T19:47:12.765Z] - Démarrage du serveur Express.[39m
02-04-2024 21:47:16:4716 [32minfo[39m: [32mRequête GET /1/oeuvres-homePage - IP: ::1[39m
02-04-2024 21:47:16:4716 [32minfo[39m: [32mRequête GET /1 - IP: ::1[39m
02-04-2024 21:47:16:4716 [32minfo[39m: [32mRequête GET /1/categories/oeuvres - IP: ::1[39m
02-04-2024 21:47:16:4716 [32minfo[39m: [32mRequête GET /1/configuration - IP: ::1[39m
02-04-2024 21:47:16:4716 [32minfo[39m: [32mRequête GET /1/categories - IP: ::1[39m
02-04-2024 21:47:17:4717 [32minfo[39m: [32mRequête GET /1/categories - IP: ::1[39m
02-04-2024 21:47:17:4717 [32minfo[39m: [32mRequête GET /1/oeuvres - IP: ::1[39m
02-04-2024 21:47:40:4740 [32minfo[39m: [32mRequête GET /1/oeuvres-homePage - IP: ::1[39m
02-04-2024 21:47:40:4740 [32minfo[39m: [32mRequête GET /1 - IP: ::1[39m
02-04-2024 21:47:40:4740 [32minfo[39m: [32mRequête GET /1/categories/oeuvres - IP: ::1[39m
02-04-2024 21:47:40:4740 [32minfo[39m: [32mRequête GET /1/configuration - IP: ::1[39m
02-04-2024 21:47:40:4740 [32minfo[39m: [32mRequête GET /1/categories - IP: ::1[39m
02-04-2024 21:47:53:4753 [32minfo[39m: [32mRequête POST /signin - IP: ::1[39m
02-04-2024 21:47:53:4753 [32minfo[39m: [32mL'artiste Émilie s'est connecté.[39m
02-04-2024 21:48:35:4835 [32minfo[39m: [32mRequête GET /1/oeuvres-homePage - IP: ::1[39m
02-04-2024 21:48:35:4835 [32minfo[39m: [32mRequête GET /1 - IP: ::1[39m
02-04-2024 21:48:35:4835 [32minfo[39m: [32mRequête GET /1/categories/oeuvres - IP: ::1[39m
02-04-2024 21:48:35:4835 [32minfo[39m: [32mRequête GET /1/configuration - IP: ::1[39m
02-04-2024 21:48:35:4835 [32minfo[39m: [32mRequête GET /1/categories - IP: ::1[39m
02-04-2024 21:49:23:4923 [32minfo[39m: [32mRequête GET /1/oeuvres-homePage - IP: ::1[39m
02-04-2024 21:49:23:4923 [32minfo[39m: [32mRequête GET /1 - IP: ::1[39m
02-04-2024 21:49:23:4923 [32minfo[39m: [32mRequête GET /1/categories/oeuvres - IP: ::1[39m
02-04-2024 21:49:23:4923 [32minfo[39m: [32mRequête GET /1/configuration - IP: ::1[39m
02-04-2024 21:49:23:4923 [32minfo[39m: [32mRequête GET /1/categories - IP: ::1[39m
02-04-2024 21:49:36:4936 [32minfo[39m: [32mRequête GET /1/oeuvres-homePage - IP: ::1[39m
02-04-2024 21:49:36:4936 [32minfo[39m: [32mRequête GET /1 - IP: ::1[39m
02-04-2024 21:49:36:4936 [32minfo[39m: [32mRequête GET /1/categories/oeuvres - IP: ::1[39m
02-04-2024 21:49:36:4936 [32minfo[39m: [32mRequête GET /1/configuration - IP: ::1[39m
02-04-2024 21:49:36:4936 [32minfo[39m: [32mRequête GET /1/categories - IP: ::1[39m
02-04-2024 21:49:47:4947 [32minfo[39m: [32mRequête GET /1/oeuvres-homePage - IP: ::1[39m
02-04-2024 21:49:47:4947 [32minfo[39m: [32mRequête GET /1 - IP: ::1[39m
02-04-2024 21:49:47:4947 [32minfo[39m: [32mRequête GET /1/categories/oeuvres - IP: ::1[39m
02-04-2024 21:49:47:4947 [32minfo[39m: [32mRequête GET /1/configuration - IP: ::1[39m
02-04-2024 21:49:47:4947 [32minfo[39m: [32mRequête GET /1/categories - IP: ::1[39m
