03-04-2024 09:44:32:4432 [32minfo[39m: [32m[2024-04-03T07:44:32.934Z] - Démarrage du serveur Express.[39m
03-04-2024 09:45:12:4512 [32minfo[39m: [32m[2024-04-03T07:45:12.917Z] - Démarrage du serveur Express.[39m
03-04-2024 09:45:19:4519 [32minfo[39m: [32mRequête GET /1 - IP: ::ffff:127.0.0.1[39m
03-04-2024 09:45:19:4519 [31merror[39m: [31mUne erreur s'est produite : function get_artist_by_id(unknown) does not exist[39m
03-04-2024 09:45:19:4519 [31merror[39m: [31mfunction get_artist_by_id(unknown) does not exist[39m
03-04-2024 09:46:00:460 [32minfo[39m: [32m[2024-04-03T07:46:00.782Z] - Démarrage du serveur Express.[39m
03-04-2024 09:46:03:463 [32minfo[39m: [32mRequête GET /1 - IP: ::ffff:127.0.0.1[39m
03-04-2024 09:46:51:4651 [32minfo[39m: [32m[2024-04-03T07:46:51.315Z] - Démarrage du serveur Express.[39m
03-04-2024 09:46:54:4654 [32minfo[39m: [32mRequête GET /1 - IP: ::ffff:127.0.0.1[39m
03-04-2024 09:46:54:4654 [31merror[39m: [31mUne erreur s'est produite : function get_artist_by_id(unknown) does not exist[39m
03-04-2024 09:46:54:4654 [31merror[39m: [31mfunction get_artist_by_id(unknown) does not exist[39m
03-04-2024 09:54:40:5440 [32minfo[39m: [32m[2024-04-03T07:54:40.313Z] - Démarrage du serveur Express.[39m
03-04-2024 09:54:50:5450 [32minfo[39m: [32mRequête GET /1 - IP: ::ffff:127.0.0.1[39m
03-04-2024 10:04:23:423 [32minfo[39m: [32m[2024-04-03T08:04:23.961Z] - Démarrage du serveur Express.[39m
03-04-2024 10:04:30:430 [32minfo[39m: [32mRequête GET /1/oeuvres-homePage - IP: ::1[39m
03-04-2024 10:04:30:430 [32minfo[39m: [32mRequête GET /1 - IP: ::1[39m
03-04-2024 10:04:30:430 [32minfo[39m: [32mRequête GET /1/categories/oeuvres - IP: ::1[39m
03-04-2024 10:04:30:430 [32minfo[39m: [32mRequête GET /1/configuration - IP: ::1[39m
03-04-2024 10:04:30:430 [32minfo[39m: [32mRequête GET /1/categories - IP: ::1[39m
03-04-2024 10:04:31:431 [32minfo[39m: [32mRequête GET /1/oeuvres-homePage - IP: ::1[39m
03-04-2024 10:04:31:431 [32minfo[39m: [32mRequête GET /1 - IP: ::1[39m
03-04-2024 10:04:31:431 [32minfo[39m: [32mRequête GET /1/categories/oeuvres - IP: ::1[39m
03-04-2024 10:04:31:431 [32minfo[39m: [32mRequête GET /1/configuration - IP: ::1[39m
03-04-2024 10:04:31:431 [32minfo[39m: [32mRequête GET /1/categories - IP: ::1[39m
03-04-2024 10:04:47:447 [32minfo[39m: [32mRequête POST /signin - IP: ::1[39m
03-04-2024 10:04:47:447 [32minfo[39m: [32mL'artiste Émilie s'est connecté.[39m
03-04-2024 10:05:29:529 [32minfo[39m: [32mRequête POST /1/oeuvres/telechargement-oeuvre - IP: ::1[39m
03-04-2024 10:07:04:74 [32minfo[39m: [32mRequête POST /1/oeuvres/telechargement-oeuvre - IP: ::1[39m
03-04-2024 10:07:04:74 [31merror[39m: [31mSeuls les fichiers image sont autorisés ![39m
03-04-2024 10:12:42:1242 [32minfo[39m: [32m[2024-04-03T08:12:42.288Z] - Démarrage du serveur Express.[39m
03-04-2024 10:12:48:1248 [32minfo[39m: [32mRequête GET /1/oeuvres-homePage - IP: ::1[39m
03-04-2024 10:12:48:1248 [32minfo[39m: [32mRequête GET /1 - IP: ::1[39m
03-04-2024 10:12:48:1248 [32minfo[39m: [32mRequête GET /1/categories/oeuvres - IP: ::1[39m
03-04-2024 10:12:48:1248 [32minfo[39m: [32mRequête GET /1/configuration - IP: ::1[39m
03-04-2024 10:12:48:1248 [32minfo[39m: [32mRequête GET /1/categories - IP: ::1[39m
03-04-2024 10:12:49:1249 [32minfo[39m: [32mRequête GET /1 - IP: ::1[39m
03-04-2024 10:12:49:1249 [32minfo[39m: [32mRequête GET /1/configuration - IP: ::1[39m
03-04-2024 10:12:49:1249 [32minfo[39m: [32mRequête GET /1/oeuvres-homePage - IP: ::1[39m
03-04-2024 10:12:49:1249 [32minfo[39m: [32mRequête GET /1/categories/oeuvres - IP: ::1[39m
03-04-2024 10:12:49:1249 [32minfo[39m: [32mRequête GET /1/categories - IP: ::1[39m
03-04-2024 10:13:22:1322 [32minfo[39m: [32mRequête POST /1/oeuvres/telechargement-oeuvre - IP: ::1[39m
03-04-2024 10:13:44:1344 [32minfo[39m: [32mRequête POST /1/oeuvres/telechargement-oeuvre - IP: ::1[39m
03-04-2024 10:14:46:1446 [32minfo[39m: [32m[2024-04-03T08:14:46.978Z] - Démarrage du serveur Express.[39m
03-04-2024 10:17:33:1733 [32minfo[39m: [32m[2024-04-03T08:17:33.001Z] - Démarrage du serveur Express.[39m
03-04-2024 10:17:36:1736 [32minfo[39m: [32mRequête GET /1/oeuvres-homePage - IP: ::1[39m
03-04-2024 10:17:36:1736 [32minfo[39m: [32mRequête GET /1 - IP: ::1[39m
03-04-2024 10:17:36:1736 [32minfo[39m: [32mRequête GET /1/categories/oeuvres - IP: ::1[39m
03-04-2024 10:17:36:1736 [32minfo[39m: [32mRequête GET /1/configuration - IP: ::1[39m
03-04-2024 10:17:36:1736 [32minfo[39m: [32mRequête GET /1/categories - IP: ::1[39m
03-04-2024 10:25:58:2558 [32minfo[39m: [32mRequête GET /1/oeuvres-homePage - IP: ::1[39m
03-04-2024 10:25:58:2558 [32minfo[39m: [32mRequête GET /1 - IP: ::1[39m
03-04-2024 10:25:58:2558 [32minfo[39m: [32mRequête GET /1/categories/oeuvres - IP: ::1[39m
03-04-2024 10:25:58:2558 [32minfo[39m: [32mRequête GET /1/configuration - IP: ::1[39m
03-04-2024 10:25:58:2558 [32minfo[39m: [32mRequête GET /1/categories - IP: ::1[39m
03-04-2024 10:25:59:2559 [32minfo[39m: [32mRequête GET /1/oeuvres-homePage - IP: ::1[39m
03-04-2024 10:25:59:2559 [32minfo[39m: [32mRequête GET /1 - IP: ::1[39m
03-04-2024 10:25:59:2559 [32minfo[39m: [32mRequête GET /1/categories/oeuvres - IP: ::1[39m
03-04-2024 10:25:59:2559 [32minfo[39m: [32mRequête GET /1/configuration - IP: ::1[39m
03-04-2024 10:25:59:2559 [32minfo[39m: [32mRequête GET /1/categories - IP: ::1[39m
03-04-2024 10:26:41:2641 [32minfo[39m: [32mRequête POST /1/oeuvres/telechargement-oeuvre - IP: ::1[39m
03-04-2024 10:26:55:2655 [32minfo[39m: [32mRequête POST /1/oeuvres/telechargement-oeuvre - IP: ::1[39m
03-04-2024 10:26:55:2655 [31merror[39m: [31mSeuls les fichiers image sont autorisés ![39m
03-04-2024 10:27:34:2734 [32minfo[39m: [32mRequête GET /1/oeuvres-homePage - IP: ::1[39m
03-04-2024 10:27:34:2734 [32minfo[39m: [32mRequête GET /1 - IP: ::1[39m
03-04-2024 10:27:34:2734 [32minfo[39m: [32mRequête GET /1/categories/oeuvres - IP: ::1[39m
03-04-2024 10:27:34:2734 [32minfo[39m: [32mRequête GET /1/configuration - IP: ::1[39m
03-04-2024 10:27:34:2734 [32minfo[39m: [32mRequête GET /1/categories - IP: ::1[39m
03-04-2024 10:27:57:2757 [32minfo[39m: [32mRequête POST /1/oeuvres/telechargement-oeuvre - IP: ::1[39m
03-04-2024 10:27:57:2757 [31merror[39m: [31mSeuls les fichiers image sont autorisés ![39m
03-04-2024 10:29:14:2914 [32minfo[39m: [32mRequête GET /1/oeuvres-homePage - IP: ::1[39m
03-04-2024 10:29:14:2914 [32minfo[39m: [32mRequête GET /1 - IP: ::1[39m
03-04-2024 10:29:14:2914 [32minfo[39m: [32mRequête GET /1/categories/oeuvres - IP: ::1[39m
03-04-2024 10:29:14:2914 [32minfo[39m: [32mRequête GET /1/configuration - IP: ::1[39m
03-04-2024 10:29:14:2914 [32minfo[39m: [32mRequête GET /1/categories - IP: ::1[39m
03-04-2024 10:29:41:2941 [32minfo[39m: [32mRequête POST /1/oeuvres/telechargement-oeuvre - IP: ::1[39m
03-04-2024 10:29:56:2956 [32minfo[39m: [32mRequête POST /1/oeuvres/telechargement-oeuvre - IP: ::1[39m
03-04-2024 10:30:02:302 [32minfo[39m: [32mRequête GET /1/oeuvres-homePage - IP: ::1[39m
03-04-2024 10:30:02:302 [32minfo[39m: [32mRequête GET /1 - IP: ::1[39m
03-04-2024 10:30:02:302 [32minfo[39m: [32mRequête GET /1/configuration - IP: ::1[39m
03-04-2024 10:30:02:302 [32minfo[39m: [32mRequête GET /1/categories/oeuvres - IP: ::1[39m
03-04-2024 10:30:02:302 [32minfo[39m: [32mRequête GET /1/categories - IP: ::1[39m
03-04-2024 10:30:32:3032 [32minfo[39m: [32mRequête POST /1/oeuvres/telechargement-oeuvre - IP: ::1[39m
03-04-2024 10:31:09:319 [32minfo[39m: [32mRequête POST /1/oeuvres/telechargement-oeuvre - IP: ::1[39m
03-04-2024 10:31:09:319 [31merror[39m: [31mSeuls les fichiers image sont autorisés ![39m
03-04-2024 10:34:29:3429 [32minfo[39m: [32m[2024-04-03T08:34:29.906Z] - Démarrage du serveur Express.[39m
03-04-2024 10:34:37:3437 [32minfo[39m: [32mRequête GET /1/oeuvres-homePage - IP: ::1[39m
03-04-2024 10:34:37:3437 [32minfo[39m: [32mRequête GET /1 - IP: ::1[39m
03-04-2024 10:34:37:3437 [32minfo[39m: [32mRequête GET /1/categories/oeuvres - IP: ::1[39m
03-04-2024 10:34:37:3437 [32minfo[39m: [32mRequête GET /1/configuration - IP: ::1[39m
03-04-2024 10:34:37:3437 [32minfo[39m: [32mRequête GET /1/categories - IP: ::1[39m
03-04-2024 10:35:02:352 [32minfo[39m: [32mRequête POST /1/oeuvres/telechargement-oeuvre - IP: ::1[39m
03-04-2024 10:35:02:352 [31merror[39m: [31mSeuls les fichiers image sont autorisés[39m
03-04-2024 10:35:19:3519 [32minfo[39m: [32mRequête POST /1/oeuvres/telechargement-oeuvre - IP: ::1[39m
