30-03-2024 12:22:13:2213 [32minfo[39m: [32m[2024-03-30T11:22:13.096Z] - Démarrage du serveur Express.[39m
30-03-2024 12:22:28:2228 [32minfo[39m: [32mRequête GET /1/oeuvres-homePage - IP: ::1[39m
30-03-2024 12:22:28:2228 [32minfo[39m: [32mRequête GET /1 - IP: ::1[39m
30-03-2024 12:22:28:2228 [32minfo[39m: [32mRequête GET /1/categories/oeuvres - IP: ::1[39m
30-03-2024 12:22:28:2228 [32minfo[39m: [32mRequête GET /1/configuration - IP: ::1[39m
30-03-2024 12:22:28:2228 [32minfo[39m: [32mRequête GET /1/categories - IP: ::1[39m
30-03-2024 12:23:03:233 [32minfo[39m: [32m[2024-03-30T11:23:03.021Z] - Démarrage du serveur Express.[39m
30-03-2024 12:23:05:235 [32minfo[39m: [32mRequête GET /1/oeuvres-homePage - IP: ::1[39m
30-03-2024 12:23:05:235 [32minfo[39m: [32mRequête GET /1 - IP: ::1[39m
30-03-2024 12:23:05:235 [32minfo[39m: [32mRequête GET /1/categories/oeuvres - IP: ::1[39m
30-03-2024 12:23:05:235 [32minfo[39m: [32mRequête GET /1/configuration - IP: ::1[39m
30-03-2024 12:23:05:235 [32minfo[39m: [32mRequête GET /1/categories - IP: ::1[39m
30-03-2024 12:23:24:2324 [32minfo[39m: [32mRequête GET /favicon.ico - IP: ::1[39m
30-03-2024 12:24:03:243 [32minfo[39m: [32m[2024-03-30T11:24:03.440Z] - Démarrage du serveur Express.[39m
30-03-2024 12:45:20:4520 [32minfo[39m: [32m[2024-03-30T11:45:20.427Z] - Démarrage du serveur Express.[39m
30-03-2024 12:45:50:4550 [32minfo[39m: [32m[2024-03-30T11:45:50.511Z] - Démarrage du serveur Express.[39m
30-03-2024 12:46:27:4627 [32minfo[39m: [32m[2024-03-30T11:46:27.922Z] - Démarrage du serveur Express.[39m
30-03-2024 14:36:47:3647 [32minfo[39m: [32m[2024-03-30T13:36:47.224Z] - Démarrage du serveur Express.[39m
30-03-2024 14:43:01:431 [32minfo[39m: [32m[2024-03-30T13:43:01.411Z] - Démarrage du serveur Express.[39m
30-03-2024 14:43:35:4335 [32minfo[39m: [32mRequête GET /1 - IP: ::1[39m
30-03-2024 14:54:44:5444 [32minfo[39m: [32m[2024-03-30T13:54:44.898Z] - Démarrage du serveur Express.[39m
30-03-2024 15:03:20:320 [32minfo[39m: [32m[2024-03-30T14:03:20.614Z] - Démarrage du serveur Express.[39m
30-03-2024 15:05:57:557 [32minfo[39m: [32m[2024-03-30T14:05:57.506Z] - Démarrage du serveur Express.[39m
30-03-2024 15:10:42:1042 [32minfo[39m: [32m[2024-03-30T14:10:42.917Z] - Démarrage du serveur Express.[39m
30-03-2024 15:12:50:1250 [32minfo[39m: [32m[2024-03-30T14:12:50.239Z] - Démarrage du serveur Express.[39m
30-03-2024 15:13:27:1327 [32minfo[39m: [32m[2024-03-30T14:13:27.154Z] - Démarrage du serveur Express.[39m
30-03-2024 15:14:08:148 [32minfo[39m: [32m[2024-03-30T14:14:08.534Z] - Démarrage du serveur Express.[39m
30-03-2024 15:20:12:2012 [32minfo[39m: [32m[2024-03-30T14:20:12.025Z] - Démarrage du serveur Express.[39m
30-03-2024 15:26:07:267 [32minfo[39m: [32m[2024-03-30T14:26:07.212Z] - Démarrage du serveur Express.[39m
30-03-2024 15:29:12:2912 [32minfo[39m: [32m[2024-03-30T14:29:12.756Z] - Démarrage du serveur Express.[39m
30-03-2024 15:29:58:2958 [32minfo[39m: [32mRequête GET /favicon.ico - IP: ::1[39m
30-03-2024 15:30:31:3031 [32minfo[39m: [32m[2024-03-30T14:30:31.086Z] - Démarrage du serveur Express.[39m
30-03-2024 15:31:52:3152 [32minfo[39m: [32m[2024-03-30T14:31:52.530Z] - Démarrage du serveur Express.[39m
30-03-2024 15:35:23:3523 [32minfo[39m: [32m[2024-03-30T14:35:23.100Z] - Démarrage du serveur Express.[39m
30-03-2024 15:36:09:369 [32minfo[39m: [32m[2024-03-30T14:36:09.959Z] - Démarrage du serveur Express.[39m
30-03-2024 15:39:23:3923 [32minfo[39m: [32m[2024-03-30T14:39:23.763Z] - Démarrage du serveur Express.[39m
30-03-2024 15:40:18:4018 [32minfo[39m: [32mRequête POST /1/categories - IP: ::1[39m
30-03-2024 15:40:18:4018 [31merror[39m: [31mAccès non autorisé[39m
30-03-2024 15:40:20:4020 [32minfo[39m: [32mRequête POST /1/categories - IP: ::1[39m
30-03-2024 15:40:20:4020 [31merror[39m: [31mAccès non autorisé[39m
30-03-2024 15:41:40:4140 [32minfo[39m: [32m[2024-03-30T14:41:40.316Z] - Démarrage du serveur Express.[39m
30-03-2024 15:43:01:431 [32minfo[39m: [32m[2024-03-30T14:43:01.325Z] - Démarrage du serveur Express.[39m
30-03-2024 15:50:55:5055 [32minfo[39m: [32m[2024-03-30T14:50:55.019Z] - Démarrage du serveur Express.[39m
30-03-2024 15:53:56:5356 [32minfo[39m: [32m[2024-03-30T14:53:56.710Z] - Démarrage du serveur Express.[39m
30-03-2024 16:00:08:08 [32minfo[39m: [32m[2024-03-30T15:00:08.230Z] - Démarrage du serveur Express.[39m
30-03-2024 16:03:20:320 [32minfo[39m: [32m[2024-03-30T15:03:20.924Z] - Démarrage du serveur Express.[39m
30-03-2024 16:04:46:446 [32minfo[39m: [32m[2024-03-30T15:04:46.396Z] - Démarrage du serveur Express.[39m
30-03-2024 16:10:09:109 [32minfo[39m: [32m[2024-03-30T15:10:09.961Z] - Démarrage du serveur Express.[39m
30-03-2024 16:11:23:1123 [32minfo[39m: [32m[2024-03-30T15:11:23.822Z] - Démarrage du serveur Express.[39m
30-03-2024 16:16:31:1631 [32minfo[39m: [32m[2024-03-30T15:16:31.866Z] - Démarrage du serveur Express.[39m
30-03-2024 16:17:33:1733 [32minfo[39m: [32m[2024-03-30T15:17:33.645Z] - Démarrage du serveur Express.[39m
30-03-2024 16:17:42:1742 [32minfo[39m: [32mRequête GET /1/oeuvres-homePage - IP: ::1[39m
30-03-2024 16:17:42:1742 [32minfo[39m: [32mRequête GET /1 - IP: ::1[39m
30-03-2024 16:17:42:1742 [32minfo[39m: [32mRequête GET /1/categories/oeuvres - IP: ::1[39m
30-03-2024 16:17:42:1742 [32minfo[39m: [32mRequête GET /1/categories - IP: ::1[39m
30-03-2024 16:17:42:1742 [32minfo[39m: [32mRequête GET /1/configuration - IP: ::1[39m
30-03-2024 16:17:44:1744 [32minfo[39m: [32mRequête GET /undefined - IP: ::1[39m
30-03-2024 16:17:44:1744 [32minfo[39m: [32mRequête GET /1/oeuvres/12 - IP: ::1[39m
30-03-2024 16:22:18:2218 [32minfo[39m: [32m[2024-03-30T15:22:18.865Z] - Démarrage du serveur Express.[39m
30-03-2024 16:22:23:2223 [32minfo[39m: [32mRequête GET /1/oeuvres-homePage - IP: ::1[39m
30-03-2024 16:22:23:2223 [32minfo[39m: [32mRequête GET /1 - IP: ::1[39m
30-03-2024 16:22:23:2223 [32minfo[39m: [32mRequête GET /1/categories/oeuvres - IP: ::1[39m
30-03-2024 16:22:23:2223 [32minfo[39m: [32mRequête GET /1/configuration - IP: ::1[39m
30-03-2024 16:22:23:2223 [32minfo[39m: [32mRequête GET /1/categories - IP: ::1[39m
30-03-2024 17:45:33:4533 [32minfo[39m: [32m[2024-03-30T16:45:33.058Z] - Démarrage du serveur Express.[39m
30-03-2024 17:45:38:4538 [32minfo[39m: [32mRequête GET /1/oeuvres-homePage - IP: ::1[39m
30-03-2024 17:45:38:4538 [32minfo[39m: [32mRequête GET /1 - IP: ::1[39m
30-03-2024 17:45:38:4538 [32minfo[39m: [32mRequête GET /1/categories/oeuvres - IP: ::1[39m
30-03-2024 17:45:38:4538 [32minfo[39m: [32mRequête GET /1/configuration - IP: ::1[39m
30-03-2024 17:45:38:4538 [32minfo[39m: [32mRequête GET /1/categories - IP: ::1[39m
30-03-2024 17:45:57:4557 [32minfo[39m: [32mRequête POST /1/categories - IP: ::1[39m
30-03-2024 17:45:57:4557 [31merror[39m: [31mErreur lors du décodage du token JWT : jwt expired[39m
30-03-2024 17:45:57:4557 [31merror[39m: [31mCannot read properties of undefined (reading 'id')[39m
30-03-2024 17:46:43:4643 [32minfo[39m: [32mRequête POST /1/categories - IP: ::1[39m
30-03-2024 17:46:43:4643 [31merror[39m: [31mErreur lors du décodage du token JWT : jwt expired[39m
30-03-2024 17:46:43:4643 [31merror[39m: [31mCannot read properties of undefined (reading 'id')[39m
30-03-2024 17:47:43:4743 [32minfo[39m: [32mRequête POST /signin - IP: ::ffff:127.0.0.1[39m
30-03-2024 17:47:43:4743 [32minfo[39m: [32mL'artiste Emilie s'est connecté.[39m
30-03-2024 17:48:18:4818 [32minfo[39m: [32mRequête POST /1/categories - IP: ::ffff:127.0.0.1[39m
30-03-2024 17:48:55:4855 [32minfo[39m: [32mRequête PATCH /1/categories/1 - IP: ::1[39m
30-03-2024 17:48:55:4855 [31merror[39m: [31mErreur lors du décodage du token JWT : jwt expired[39m
30-03-2024 17:48:55:4855 [31merror[39m: [31mCannot read properties of undefined (reading 'id')[39m
30-03-2024 17:51:09:519 [32minfo[39m: [32mRequête GET /1/categories/oeuvres - IP: ::1[39m
30-03-2024 17:51:09:519 [32minfo[39m: [32mRequête GET /1/configuration - IP: ::1[39m
30-03-2024 17:51:09:519 [32minfo[39m: [32mRequête GET /1/categories - IP: ::1[39m
30-03-2024 17:51:09:519 [32minfo[39m: [32mRequête GET /1 - IP: ::1[39m
30-03-2024 17:51:09:519 [32minfo[39m: [32mRequête GET /1/oeuvres-homePage - IP: ::1[39m
30-03-2024 17:51:30:5130 [32minfo[39m: [32mRequête POST /1/categories - IP: ::1[39m
30-03-2024 17:51:30:5130 [31merror[39m: [31mErreur lors du décodage du token JWT : jwt expired[39m
30-03-2024 17:51:30:5130 [31merror[39m: [31mCannot read properties of undefined (reading 'id')[39m
30-03-2024 17:56:26:5626 [32minfo[39m: [32m[2024-03-30T16:56:26.818Z] - Démarrage du serveur Express.[39m
30-03-2024 17:56:33:5633 [32minfo[39m: [32mRequête GET /1/oeuvres-homePage - IP: ::1[39m
30-03-2024 17:56:33:5633 [32minfo[39m: [32mRequête GET /1 - IP: ::1[39m
30-03-2024 17:56:33:5633 [32minfo[39m: [32mRequête GET /1/categories/oeuvres - IP: ::1[39m
30-03-2024 17:56:33:5633 [32minfo[39m: [32mRequête GET /1/configuration - IP: ::1[39m
30-03-2024 17:56:33:5633 [32minfo[39m: [32mRequête GET /1/categories - IP: ::1[39m
30-03-2024 17:56:37:5637 [32minfo[39m: [32mRequête GET /1/oeuvres-homePage - IP: ::1[39m
30-03-2024 17:56:37:5637 [32minfo[39m: [32mRequête GET /1 - IP: ::1[39m
30-03-2024 17:56:37:5637 [32minfo[39m: [32mRequête GET /1/categories/oeuvres - IP: ::1[39m
30-03-2024 17:56:37:5637 [32minfo[39m: [32mRequête GET /1/configuration - IP: ::1[39m
30-03-2024 17:56:37:5637 [32minfo[39m: [32mRequête GET /1/categories - IP: ::1[39m
30-03-2024 17:57:00:570 [32minfo[39m: [32mRequête POST /signin - IP: ::1[39m
30-03-2024 17:57:00:570 [32minfo[39m: [32mL'artiste Emilie s'est connecté.[39m
30-03-2024 17:57:12:5712 [32minfo[39m: [32mRequête POST /1/categories - IP: ::1[39m
30-03-2024 17:57:43:5743 [32minfo[39m: [32mRequête GET /1/categories - IP: ::1[39m
30-03-2024 17:57:43:5743 [32minfo[39m: [32mRequête GET /1/oeuvres-homePage - IP: ::1[39m
30-03-2024 17:57:43:5743 [32minfo[39m: [32mRequête GET /1 - IP: ::1[39m
30-03-2024 17:57:43:5743 [32minfo[39m: [32mRequête GET /1/categories/oeuvres - IP: ::1[39m
30-03-2024 17:57:43:5743 [32minfo[39m: [32mRequête GET /1/configuration - IP: ::1[39m
30-03-2024 17:57:43:5743 [32minfo[39m: [32mRequête GET /1/oeuvres-homePage - IP: ::1[39m
30-03-2024 17:57:43:5743 [32minfo[39m: [32mRequête GET /1 - IP: ::1[39m
30-03-2024 17:57:43:5743 [32minfo[39m: [32mRequête GET /1/categories/oeuvres - IP: ::1[39m
30-03-2024 17:57:43:5743 [32minfo[39m: [32mRequête GET /1/configuration - IP: ::1[39m
30-03-2024 17:57:43:5743 [32minfo[39m: [32mRequête GET /1/categories - IP: ::1[39m
30-03-2024 17:58:04:584 [32minfo[39m: [32mRequête POST /signin - IP: ::1[39m
30-03-2024 17:58:05:585 [32minfo[39m: [32mL'artiste Emilie s'est connecté.[39m
30-03-2024 17:58:20:5820 [32minfo[39m: [32mRequête POST /1/categories - IP: ::1[39m
30-03-2024 18:13:55:1355 [32minfo[39m: [32m[2024-03-30T17:13:55.713Z] - Démarrage du serveur Express.[39m
30-03-2024 18:13:59:1359 [32minfo[39m: [32mRequête GET /1/oeuvres-homePage - IP: ::1[39m
30-03-2024 18:13:59:1359 [32minfo[39m: [32mRequête GET /1 - IP: ::1[39m
30-03-2024 18:13:59:1359 [32minfo[39m: [32mRequête GET /1/categories/oeuvres - IP: ::1[39m
30-03-2024 18:13:59:1359 [32minfo[39m: [32mRequête GET /1/configuration - IP: ::1[39m
30-03-2024 18:13:59:1359 [32minfo[39m: [32mRequête GET /1/categories - IP: ::1[39m
30-03-2024 18:14:16:1416 [32minfo[39m: [32mRequête POST /1/envoyer-email - IP: ::1[39m
30-03-2024 18:18:03:183 [32minfo[39m: [32mRequête GET /1/oeuvres-homePage - IP: ::1[39m
30-03-2024 18:18:03:183 [32minfo[39m: [32mRequête GET /1 - IP: ::1[39m
30-03-2024 18:18:03:183 [32minfo[39m: [32mRequête GET /1/categories/oeuvres - IP: ::1[39m
30-03-2024 18:18:03:183 [32minfo[39m: [32mRequête GET /1/configuration - IP: ::1[39m
30-03-2024 18:18:03:183 [32minfo[39m: [32mRequête GET /1/categories - IP: ::1[39m
30-03-2024 18:18:04:184 [32minfo[39m: [32mRequête GET /1/oeuvres-homePage - IP: ::1[39m
30-03-2024 18:18:04:184 [32minfo[39m: [32mRequête GET /1 - IP: ::1[39m
30-03-2024 18:18:04:184 [32minfo[39m: [32mRequête GET /1/categories/oeuvres - IP: ::1[39m
30-03-2024 18:18:04:184 [32minfo[39m: [32mRequête GET /1/configuration - IP: ::1[39m
30-03-2024 18:18:04:184 [32minfo[39m: [32mRequête GET /1/categories - IP: ::1[39m
30-03-2024 18:18:07:187 [32minfo[39m: [32mRequête GET /1/oeuvres-homePage - IP: ::1[39m
30-03-2024 18:18:07:187 [32minfo[39m: [32mRequête GET /1 - IP: ::1[39m
30-03-2024 18:18:07:187 [32minfo[39m: [32mRequête GET /1/categories/oeuvres - IP: ::1[39m
30-03-2024 18:18:07:187 [32minfo[39m: [32mRequête GET /1/configuration - IP: ::1[39m
30-03-2024 18:18:07:187 [32minfo[39m: [32mRequête GET /1/categories - IP: ::1[39m
30-03-2024 18:18:12:1812 [32minfo[39m: [32mRequête GET /1/categories - IP: ::1[39m
30-03-2024 18:18:12:1812 [32minfo[39m: [32mRequête GET /1/oeuvres - IP: ::1[39m
30-03-2024 18:18:13:1813 [32minfo[39m: [32mRequête GET /undefined - IP: ::1[39m
30-03-2024 18:18:13:1813 [32minfo[39m: [32mRequête GET /1/oeuvres/8 - IP: ::1[39m
30-03-2024 18:22:45:2245 [32minfo[39m: [32mRequête GET /1/oeuvres-homePage - IP: ::1[39m
30-03-2024 18:22:45:2245 [32minfo[39m: [32mRequête GET /1 - IP: ::1[39m
30-03-2024 18:22:46:2246 [32minfo[39m: [32mRequête GET /1/categories/oeuvres - IP: ::1[39m
30-03-2024 18:22:46:2246 [32minfo[39m: [32mRequête GET /1/configuration - IP: ::1[39m
30-03-2024 18:22:46:2246 [32minfo[39m: [32mRequête GET /1/categories - IP: ::1[39m
30-03-2024 18:22:46:2246 [32minfo[39m: [32mRequête GET /1/oeuvres-homePage - IP: ::1[39m
30-03-2024 18:22:46:2246 [32minfo[39m: [32mRequête GET /1 - IP: ::1[39m
30-03-2024 18:22:46:2246 [32minfo[39m: [32mRequête GET /1/categories/oeuvres - IP: ::1[39m
30-03-2024 18:22:46:2246 [32minfo[39m: [32mRequête GET /1/configuration - IP: ::1[39m
30-03-2024 18:22:46:2246 [32minfo[39m: [32mRequête GET /1/categories - IP: ::1[39m
30-03-2024 18:56:27:5627 [32minfo[39m: [32m[2024-03-30T17:56:27.557Z] - Démarrage du serveur Express.[39m
30-03-2024 18:56:31:5631 [32minfo[39m: [32mRequête GET /1/oeuvres-homePage - IP: ::1[39m
30-03-2024 18:56:31:5631 [32minfo[39m: [32mRequête GET /1 - IP: ::1[39m
30-03-2024 18:56:31:5631 [32minfo[39m: [32mRequête GET /1/categories/oeuvres - IP: ::1[39m
30-03-2024 18:56:31:5631 [32minfo[39m: [32mRequête GET /1/configuration - IP: ::1[39m
30-03-2024 18:56:31:5631 [32minfo[39m: [32mRequête GET /1/categories - IP: ::1[39m
30-03-2024 18:56:35:5635 [32minfo[39m: [32mRequête GET /1/categories - IP: ::1[39m
30-03-2024 18:56:35:5635 [32minfo[39m: [32mRequête GET /1/oeuvres - IP: ::1[39m
30-03-2024 18:57:25:5725 [32minfo[39m: [32mRequête GET /1/oeuvres-homePage - IP: ::1[39m
30-03-2024 18:57:25:5725 [32minfo[39m: [32mRequête GET /1 - IP: ::1[39m
30-03-2024 18:57:25:5725 [32minfo[39m: [32mRequête GET /1/categories/oeuvres - IP: ::1[39m
30-03-2024 18:57:25:5725 [32minfo[39m: [32mRequête GET /1/configuration - IP: ::1[39m
30-03-2024 18:57:25:5725 [32minfo[39m: [32mRequête GET /1/categories - IP: ::1[39m
30-03-2024 18:57:25:5725 [32minfo[39m: [32mRequête GET /1/categories - IP: ::1[39m
30-03-2024 18:57:25:5725 [32minfo[39m: [32mRequête GET /1/oeuvres - IP: ::1[39m
30-03-2024 18:57:26:5726 [32minfo[39m: [32mRequête GET /1/oeuvres-homePage - IP: ::1[39m
30-03-2024 18:57:26:5726 [32minfo[39m: [32mRequête GET /1 - IP: ::1[39m
30-03-2024 18:57:26:5726 [32minfo[39m: [32mRequête GET /1/categories/oeuvres - IP: ::1[39m
30-03-2024 18:57:26:5726 [32minfo[39m: [32mRequête GET /1/configuration - IP: ::1[39m
30-03-2024 18:57:26:5726 [32minfo[39m: [32mRequête GET /1/categories - IP: ::1[39m
30-03-2024 18:59:05:595 [32minfo[39m: [32mRequête GET /1/oeuvres-homePage - IP: ::1[39m
30-03-2024 18:59:05:595 [32minfo[39m: [32mRequête GET /1 - IP: ::1[39m
30-03-2024 18:59:05:595 [32minfo[39m: [32mRequête GET /1/categories/oeuvres - IP: ::1[39m
30-03-2024 18:59:05:595 [32minfo[39m: [32mRequête GET /1/configuration - IP: ::1[39m
30-03-2024 18:59:05:595 [32minfo[39m: [32mRequête GET /1/categories - IP: ::1[39m
30-03-2024 18:59:05:595 [32minfo[39m: [32mRequête GET /1/oeuvres - IP: ::1[39m
30-03-2024 18:59:05:595 [32minfo[39m: [32mRequête GET /1/categories - IP: ::1[39m
30-03-2024 18:59:07:597 [32minfo[39m: [32mRequête GET /1/oeuvres-homePage - IP: ::1[39m
30-03-2024 18:59:07:597 [32minfo[39m: [32mRequête GET /1 - IP: ::1[39m
30-03-2024 18:59:07:597 [32minfo[39m: [32mRequête GET /1/categories/oeuvres - IP: ::1[39m
30-03-2024 18:59:07:597 [32minfo[39m: [32mRequête GET /1/configuration - IP: ::1[39m
30-03-2024 18:59:07:597 [32minfo[39m: [32mRequête GET /1/categories - IP: ::1[39m
30-03-2024 18:59:25:5925 [32minfo[39m: [32mRequête GET /1/oeuvres-homePage - IP: ::1[39m
30-03-2024 18:59:25:5925 [32minfo[39m: [32mRequête GET /1 - IP: ::1[39m
30-03-2024 18:59:25:5925 [32minfo[39m: [32mRequête GET /1/categories/oeuvres - IP: ::1[39m
30-03-2024 18:59:25:5925 [32minfo[39m: [32mRequête GET /1/configuration - IP: ::1[39m
30-03-2024 18:59:25:5925 [32minfo[39m: [32mRequête GET /1/categories - IP: ::1[39m
30-03-2024 18:59:25:5925 [32minfo[39m: [32mRequête GET /1/categories - IP: ::1[39m
30-03-2024 18:59:25:5925 [32minfo[39m: [32mRequête GET /1/oeuvres - IP: ::1[39m
30-03-2024 18:59:26:5926 [32minfo[39m: [32mRequête GET /1/oeuvres-homePage - IP: ::1[39m
30-03-2024 18:59:26:5926 [32minfo[39m: [32mRequête GET /1 - IP: ::1[39m
30-03-2024 18:59:26:5926 [32minfo[39m: [32mRequête GET /1/categories/oeuvres - IP: ::1[39m
30-03-2024 18:59:26:5926 [32minfo[39m: [32mRequête GET /1/configuration - IP: ::1[39m
30-03-2024 18:59:26:5926 [32minfo[39m: [32mRequête GET /1/categories - IP: ::1[39m
30-03-2024 19:00:34:034 [32minfo[39m: [32mRequête GET /1/oeuvres-homePage - IP: ::1[39m
30-03-2024 19:00:34:034 [32minfo[39m: [32mRequête GET /1 - IP: ::1[39m
30-03-2024 19:00:34:034 [32minfo[39m: [32mRequête GET /1/categories/oeuvres - IP: ::1[39m
30-03-2024 19:00:34:034 [32minfo[39m: [32mRequête GET /1/configuration - IP: ::1[39m
30-03-2024 19:00:34:034 [32minfo[39m: [32mRequête GET /1/categories - IP: ::1[39m
30-03-2024 19:00:34:034 [32minfo[39m: [32mRequête GET /1/categories - IP: ::1[39m
30-03-2024 19:00:34:034 [32minfo[39m: [32mRequête GET /1/oeuvres - IP: ::1[39m
30-03-2024 19:00:35:035 [32minfo[39m: [32mRequête GET /1/oeuvres-homePage - IP: ::1[39m
30-03-2024 19:00:35:035 [32minfo[39m: [32mRequête GET /1 - IP: ::1[39m
30-03-2024 19:00:35:035 [32minfo[39m: [32mRequête GET /1/categories/oeuvres - IP: ::1[39m
30-03-2024 19:00:35:035 [32minfo[39m: [32mRequête GET /1/configuration - IP: ::1[39m
30-03-2024 19:00:35:035 [32minfo[39m: [32mRequête GET /1/categories - IP: ::1[39m
30-03-2024 19:01:31:131 [32minfo[39m: [32mRequête GET /1/oeuvres-homePage - IP: ::1[39m
30-03-2024 19:01:31:131 [32minfo[39m: [32mRequête GET /1 - IP: ::1[39m
30-03-2024 19:01:31:131 [32minfo[39m: [32mRequête GET /1/categories/oeuvres - IP: ::1[39m
30-03-2024 19:01:31:131 [32minfo[39m: [32mRequête GET /1/configuration - IP: ::1[39m
30-03-2024 19:01:31:131 [32minfo[39m: [32mRequête GET /1/categories - IP: ::1[39m
30-03-2024 19:01:32:132 [32minfo[39m: [32mRequête GET /1/categories - IP: ::1[39m
30-03-2024 19:01:32:132 [32minfo[39m: [32mRequête GET /1/oeuvres - IP: ::1[39m
30-03-2024 19:01:33:133 [32minfo[39m: [32mRequête GET /1/oeuvres-homePage - IP: ::1[39m
30-03-2024 19:01:33:133 [32minfo[39m: [32mRequête GET /1 - IP: ::1[39m
30-03-2024 19:01:33:133 [32minfo[39m: [32mRequête GET /1/categories/oeuvres - IP: ::1[39m
30-03-2024 19:01:33:133 [32minfo[39m: [32mRequête GET /1/configuration - IP: ::1[39m
30-03-2024 19:01:33:133 [32minfo[39m: [32mRequête GET /1/categories - IP: ::1[39m
30-03-2024 19:02:59:259 [32minfo[39m: [32mRequête GET /1/oeuvres-homePage - IP: ::1[39m
30-03-2024 19:02:59:259 [32minfo[39m: [32mRequête GET /1 - IP: ::1[39m
30-03-2024 19:02:59:259 [32minfo[39m: [32mRequête GET /1/categories/oeuvres - IP: ::1[39m
30-03-2024 19:02:59:259 [32minfo[39m: [32mRequête GET /1/configuration - IP: ::1[39m
30-03-2024 19:02:59:259 [32minfo[39m: [32mRequête GET /1/categories - IP: ::1[39m
30-03-2024 19:02:59:259 [32minfo[39m: [32mRequête GET /1/oeuvres - IP: ::1[39m
30-03-2024 19:02:59:259 [32minfo[39m: [32mRequête GET /1/categories - IP: ::1[39m
30-03-2024 19:03:00:30 [32minfo[39m: [32mRequête GET /1/oeuvres-homePage - IP: ::1[39m
30-03-2024 19:03:00:30 [32minfo[39m: [32mRequête GET /1 - IP: ::1[39m
30-03-2024 19:03:00:30 [32minfo[39m: [32mRequête GET /1/categories/oeuvres - IP: ::1[39m
30-03-2024 19:03:00:30 [32minfo[39m: [32mRequête GET /1/configuration - IP: ::1[39m
30-03-2024 19:03:00:30 [32minfo[39m: [32mRequête GET /1/categories - IP: ::1[39m
30-03-2024 19:03:50:350 [32minfo[39m: [32mRequête GET /1/oeuvres-homePage - IP: ::1[39m
30-03-2024 19:03:50:350 [32minfo[39m: [32mRequête GET /1 - IP: ::1[39m
30-03-2024 19:03:50:350 [32minfo[39m: [32mRequête GET /1/categories/oeuvres - IP: ::1[39m
30-03-2024 19:03:50:350 [32minfo[39m: [32mRequête GET /1/configuration - IP: ::1[39m
30-03-2024 19:03:50:350 [32minfo[39m: [32mRequête GET /1/categories - IP: ::1[39m
30-03-2024 19:03:50:350 [32minfo[39m: [32mRequête GET /1/categories - IP: ::1[39m
30-03-2024 19:03:50:350 [32minfo[39m: [32mRequête GET /1/oeuvres - IP: ::1[39m
30-03-2024 19:03:51:351 [32minfo[39m: [32mRequête GET /1/oeuvres-homePage - IP: ::1[39m
30-03-2024 19:03:51:351 [32minfo[39m: [32mRequête GET /1 - IP: ::1[39m
30-03-2024 19:03:51:351 [32minfo[39m: [32mRequête GET /1/categories/oeuvres - IP: ::1[39m
30-03-2024 19:03:51:351 [32minfo[39m: [32mRequête GET /1/configuration - IP: ::1[39m
30-03-2024 19:03:51:351 [32minfo[39m: [32mRequête GET /1/categories - IP: ::1[39m
30-03-2024 19:04:45:445 [32minfo[39m: [32mRequête GET /1/oeuvres-homePage - IP: ::1[39m
30-03-2024 19:04:45:445 [32minfo[39m: [32mRequête GET /1 - IP: ::1[39m
30-03-2024 19:04:45:445 [32minfo[39m: [32mRequête GET /1/categories/oeuvres - IP: ::1[39m
30-03-2024 19:04:45:445 [32minfo[39m: [32mRequête GET /1/configuration - IP: ::1[39m
30-03-2024 19:04:45:445 [32minfo[39m: [32mRequête GET /1/categories - IP: ::1[39m
30-03-2024 19:04:45:445 [32minfo[39m: [32mRequête GET /1/categories - IP: ::1[39m
30-03-2024 19:04:45:445 [32minfo[39m: [32mRequête GET /1/oeuvres - IP: ::1[39m
30-03-2024 19:04:47:447 [32minfo[39m: [32mRequête GET /1/oeuvres-homePage - IP: ::1[39m
30-03-2024 19:04:47:447 [32minfo[39m: [32mRequête GET /1 - IP: ::1[39m
30-03-2024 19:04:47:447 [32minfo[39m: [32mRequête GET /1/categories/oeuvres - IP: ::1[39m
30-03-2024 19:04:47:447 [32minfo[39m: [32mRequête GET /1/configuration - IP: ::1[39m
30-03-2024 19:04:47:447 [32minfo[39m: [32mRequête GET /1/categories - IP: ::1[39m
30-03-2024 19:05:28:528 [32minfo[39m: [32mRequête GET /1/oeuvres-homePage - IP: ::1[39m
30-03-2024 19:05:28:528 [32minfo[39m: [32mRequête GET /1 - IP: ::1[39m
30-03-2024 19:05:28:528 [32minfo[39m: [32mRequête GET /1/categories/oeuvres - IP: ::1[39m
30-03-2024 19:05:28:528 [32minfo[39m: [32mRequête GET /1/configuration - IP: ::1[39m
30-03-2024 19:05:28:528 [32minfo[39m: [32mRequête GET /1/categories - IP: ::1[39m
30-03-2024 19:05:28:528 [32minfo[39m: [32mRequête GET /1/categories - IP: ::1[39m
30-03-2024 19:05:28:528 [32minfo[39m: [32mRequête GET /1/oeuvres - IP: ::1[39m
30-03-2024 19:05:29:529 [32minfo[39m: [32mRequête GET /1/oeuvres-homePage - IP: ::1[39m
30-03-2024 19:05:29:529 [32minfo[39m: [32mRequête GET /1 - IP: ::1[39m
30-03-2024 19:05:29:529 [32minfo[39m: [32mRequête GET /1/categories/oeuvres - IP: ::1[39m
30-03-2024 19:05:29:529 [32minfo[39m: [32mRequête GET /1/configuration - IP: ::1[39m
30-03-2024 19:05:29:529 [32minfo[39m: [32mRequête GET /1/categories - IP: ::1[39m
30-03-2024 19:08:05:85 [32minfo[39m: [32mRequête GET /1/oeuvres-homePage - IP: ::1[39m
30-03-2024 19:08:05:85 [32minfo[39m: [32mRequête GET /1 - IP: ::1[39m
30-03-2024 19:08:05:85 [32minfo[39m: [32mRequête GET /1/categories/oeuvres - IP: ::1[39m
30-03-2024 19:08:05:85 [32minfo[39m: [32mRequête GET /1/configuration - IP: ::1[39m
30-03-2024 19:08:05:85 [32minfo[39m: [32mRequête GET /1/categories - IP: ::1[39m
30-03-2024 19:08:05:85 [32minfo[39m: [32mRequête GET /1/categories - IP: ::1[39m
30-03-2024 19:08:05:85 [32minfo[39m: [32mRequête GET /1/oeuvres - IP: ::1[39m
30-03-2024 19:08:06:86 [32minfo[39m: [32mRequête GET /1/oeuvres-homePage - IP: ::1[39m
30-03-2024 19:08:06:86 [32minfo[39m: [32mRequête GET /1 - IP: ::1[39m
30-03-2024 19:08:06:86 [32minfo[39m: [32mRequête GET /1/categories/oeuvres - IP: ::1[39m
30-03-2024 19:08:06:86 [32minfo[39m: [32mRequête GET /1/configuration - IP: ::1[39m
30-03-2024 19:08:06:86 [32minfo[39m: [32mRequête GET /1/categories - IP: ::1[39m
30-03-2024 19:09:41:941 [32minfo[39m: [32mRequête GET /1/oeuvres-homePage - IP: ::1[39m
30-03-2024 19:09:41:941 [32minfo[39m: [32mRequête GET /1 - IP: ::1[39m
30-03-2024 19:09:41:941 [32minfo[39m: [32mRequête GET /1/categories/oeuvres - IP: ::1[39m
30-03-2024 19:09:41:941 [32minfo[39m: [32mRequête GET /1/configuration - IP: ::1[39m
30-03-2024 19:09:41:941 [32minfo[39m: [32mRequête GET /1/categories - IP: ::1[39m
30-03-2024 19:09:41:941 [32minfo[39m: [32mRequête GET /1/oeuvres - IP: ::1[39m
30-03-2024 19:09:41:941 [32minfo[39m: [32mRequête GET /1/categories - IP: ::1[39m
30-03-2024 19:09:42:942 [32minfo[39m: [32mRequête GET /1/oeuvres-homePage - IP: ::1[39m
30-03-2024 19:09:42:942 [32minfo[39m: [32mRequête GET /1 - IP: ::1[39m
30-03-2024 19:09:42:942 [32minfo[39m: [32mRequête GET /1/categories/oeuvres - IP: ::1[39m
30-03-2024 19:09:42:942 [32minfo[39m: [32mRequête GET /1/configuration - IP: ::1[39m
30-03-2024 19:09:42:942 [32minfo[39m: [32mRequête GET /1/categories - IP: ::1[39m
30-03-2024 19:10:25:1025 [32minfo[39m: [32mRequête GET /1/oeuvres-homePage - IP: ::1[39m
30-03-2024 19:10:25:1025 [32minfo[39m: [32mRequête GET /1 - IP: ::1[39m
30-03-2024 19:10:25:1025 [32minfo[39m: [32mRequête GET /1/categories/oeuvres - IP: ::1[39m
30-03-2024 19:10:25:1025 [32minfo[39m: [32mRequête GET /1/configuration - IP: ::1[39m
30-03-2024 19:10:25:1025 [32minfo[39m: [32mRequête GET /1/categories - IP: ::1[39m
30-03-2024 19:10:25:1025 [32minfo[39m: [32mRequête GET /1/oeuvres - IP: ::1[39m
30-03-2024 19:10:25:1025 [32minfo[39m: [32mRequête GET /1/categories - IP: ::1[39m
30-03-2024 19:10:27:1027 [32minfo[39m: [32mRequête GET /1/oeuvres-homePage - IP: ::1[39m
30-03-2024 19:10:27:1027 [32minfo[39m: [32mRequête GET /1 - IP: ::1[39m
30-03-2024 19:10:27:1027 [32minfo[39m: [32mRequête GET /1/categories/oeuvres - IP: ::1[39m
30-03-2024 19:10:27:1027 [32minfo[39m: [32mRequête GET /1/configuration - IP: ::1[39m
30-03-2024 19:10:27:1027 [32minfo[39m: [32mRequête GET /1/categories - IP: ::1[39m
30-03-2024 19:11:32:1132 [32minfo[39m: [32mRequête GET /1/oeuvres-homePage - IP: ::1[39m
30-03-2024 19:11:32:1132 [32minfo[39m: [32mRequête GET /1 - IP: ::1[39m
30-03-2024 19:11:32:1132 [32minfo[39m: [32mRequête GET /1/categories/oeuvres - IP: ::1[39m
30-03-2024 19:11:32:1132 [32minfo[39m: [32mRequête GET /1/configuration - IP: ::1[39m
30-03-2024 19:11:32:1132 [32minfo[39m: [32mRequête GET /1/categories - IP: ::1[39m
30-03-2024 19:11:32:1132 [32minfo[39m: [32mRequête GET /1/categories - IP: ::1[39m
30-03-2024 19:11:32:1132 [32minfo[39m: [32mRequête GET /1/oeuvres - IP: ::1[39m
30-03-2024 19:11:33:1133 [32minfo[39m: [32mRequête GET /1/oeuvres-homePage - IP: ::1[39m
30-03-2024 19:11:33:1133 [32minfo[39m: [32mRequête GET /1 - IP: ::1[39m
30-03-2024 19:11:33:1133 [32minfo[39m: [32mRequête GET /1/categories/oeuvres - IP: ::1[39m
30-03-2024 19:11:33:1133 [32minfo[39m: [32mRequête GET /1/configuration - IP: ::1[39m
30-03-2024 19:11:33:1133 [32minfo[39m: [32mRequête GET /1/categories - IP: ::1[39m
30-03-2024 19:11:43:1143 [32minfo[39m: [32mRequête GET /1/oeuvres-homePage - IP: ::1[39m
30-03-2024 19:11:43:1143 [32minfo[39m: [32mRequête GET /1 - IP: ::1[39m
30-03-2024 19:11:43:1143 [32minfo[39m: [32mRequête GET /1/categories/oeuvres - IP: ::1[39m
30-03-2024 19:11:43:1143 [32minfo[39m: [32mRequête GET /1/configuration - IP: ::1[39m
30-03-2024 19:11:43:1143 [32minfo[39m: [32mRequête GET /1/categories - IP: ::1[39m
30-03-2024 19:11:43:1143 [32minfo[39m: [32mRequête GET /1/categories - IP: ::1[39m
30-03-2024 19:11:43:1143 [32minfo[39m: [32mRequête GET /1/oeuvres - IP: ::1[39m
30-03-2024 19:11:44:1144 [32minfo[39m: [32mRequête GET /1/oeuvres-homePage - IP: ::1[39m
30-03-2024 19:11:44:1144 [32minfo[39m: [32mRequête GET /1 - IP: ::1[39m
30-03-2024 19:11:44:1144 [32minfo[39m: [32mRequête GET /1/categories/oeuvres - IP: ::1[39m
30-03-2024 19:11:44:1144 [32minfo[39m: [32mRequête GET /1/configuration - IP: ::1[39m
30-03-2024 19:11:44:1144 [32minfo[39m: [32mRequête GET /1/categories - IP: ::1[39m
30-03-2024 19:12:31:1231 [32minfo[39m: [32mRequête GET /1/oeuvres-homePage - IP: ::1[39m
30-03-2024 19:12:31:1231 [32minfo[39m: [32mRequête GET /1 - IP: ::1[39m
30-03-2024 19:12:31:1231 [32minfo[39m: [32mRequête GET /1/categories/oeuvres - IP: ::1[39m
30-03-2024 19:12:31:1231 [32minfo[39m: [32mRequête GET /1/configuration - IP: ::1[39m
30-03-2024 19:12:31:1231 [32minfo[39m: [32mRequête GET /1/categories - IP: ::1[39m
30-03-2024 19:12:31:1231 [32minfo[39m: [32mRequête GET /1/oeuvres - IP: ::1[39m
30-03-2024 19:12:31:1231 [32minfo[39m: [32mRequête GET /1/categories - IP: ::1[39m
30-03-2024 19:12:33:1233 [32minfo[39m: [32mRequête GET /1/oeuvres-homePage - IP: ::1[39m
30-03-2024 19:12:33:1233 [32minfo[39m: [32mRequête GET /1 - IP: ::1[39m
30-03-2024 19:12:33:1233 [32minfo[39m: [32mRequête GET /1/categories/oeuvres - IP: ::1[39m
30-03-2024 19:12:33:1233 [32minfo[39m: [32mRequête GET /1/configuration - IP: ::1[39m
30-03-2024 19:12:33:1233 [32minfo[39m: [32mRequête GET /1/categories - IP: ::1[39m
30-03-2024 19:12:46:1246 [32minfo[39m: [32mRequête GET /1/oeuvres-homePage - IP: ::1[39m
30-03-2024 19:12:46:1246 [32minfo[39m: [32mRequête GET /1 - IP: ::1[39m
30-03-2024 19:12:46:1246 [32minfo[39m: [32mRequête GET /1/categories/oeuvres - IP: ::1[39m
30-03-2024 19:12:46:1246 [32minfo[39m: [32mRequête GET /1/configuration - IP: ::1[39m
30-03-2024 19:12:46:1246 [32minfo[39m: [32mRequête GET /1/categories - IP: ::1[39m
30-03-2024 19:12:47:1247 [32minfo[39m: [32mRequête GET /1/categories - IP: ::1[39m
30-03-2024 19:12:47:1247 [32minfo[39m: [32mRequête GET /1/oeuvres - IP: ::1[39m
30-03-2024 19:12:48:1248 [32minfo[39m: [32mRequête GET /1/oeuvres-homePage - IP: ::1[39m
30-03-2024 19:12:48:1248 [32minfo[39m: [32mRequête GET /1 - IP: ::1[39m
30-03-2024 19:12:48:1248 [32minfo[39m: [32mRequête GET /1/categories/oeuvres - IP: ::1[39m
30-03-2024 19:12:48:1248 [32minfo[39m: [32mRequête GET /1/configuration - IP: ::1[39m
30-03-2024 19:12:48:1248 [32minfo[39m: [32mRequête GET /1/categories - IP: ::1[39m
30-03-2024 19:14:10:1410 [32minfo[39m: [32mRequête GET /1/oeuvres-homePage - IP: ::1[39m
30-03-2024 19:14:10:1410 [32minfo[39m: [32mRequête GET /1 - IP: ::1[39m
30-03-2024 19:14:10:1410 [32minfo[39m: [32mRequête GET /1/categories/oeuvres - IP: ::1[39m
30-03-2024 19:14:10:1410 [32minfo[39m: [32mRequête GET /1/configuration - IP: ::1[39m
30-03-2024 19:14:10:1410 [32minfo[39m: [32mRequête GET /1/categories - IP: ::1[39m
30-03-2024 19:14:10:1410 [32minfo[39m: [32mRequête GET /1/categories - IP: ::1[39m
30-03-2024 19:14:10:1410 [32minfo[39m: [32mRequête GET /1/oeuvres - IP: ::1[39m
30-03-2024 19:14:11:1411 [32minfo[39m: [32mRequête GET /1/oeuvres-homePage - IP: ::1[39m
30-03-2024 19:14:11:1411 [32minfo[39m: [32mRequête GET /1 - IP: ::1[39m
30-03-2024 19:14:11:1411 [32minfo[39m: [32mRequête GET /1/categories/oeuvres - IP: ::1[39m
30-03-2024 19:14:11:1411 [32minfo[39m: [32mRequête GET /1/configuration - IP: ::1[39m
30-03-2024 19:14:11:1411 [32minfo[39m: [32mRequête GET /1/categories - IP: ::1[39m
30-03-2024 19:14:30:1430 [32minfo[39m: [32mRequête GET /1/oeuvres-homePage - IP: ::1[39m
30-03-2024 19:14:30:1430 [32minfo[39m: [32mRequête GET /1 - IP: ::1[39m
30-03-2024 19:14:30:1430 [32minfo[39m: [32mRequête GET /1/categories/oeuvres - IP: ::1[39m
30-03-2024 19:14:30:1430 [32minfo[39m: [32mRequête GET /1/configuration - IP: ::1[39m
30-03-2024 19:14:30:1430 [32minfo[39m: [32mRequête GET /1/categories - IP: ::1[39m
30-03-2024 19:14:30:1430 [32minfo[39m: [32mRequête GET /1/categories - IP: ::1[39m
30-03-2024 19:14:30:1430 [32minfo[39m: [32mRequête GET /1/oeuvres - IP: ::1[39m
30-03-2024 19:14:32:1432 [32minfo[39m: [32mRequête GET /1/oeuvres-homePage - IP: ::1[39m
30-03-2024 19:14:32:1432 [32minfo[39m: [32mRequête GET /1 - IP: ::1[39m
30-03-2024 19:14:32:1432 [32minfo[39m: [32mRequête GET /1/categories/oeuvres - IP: ::1[39m
30-03-2024 19:14:32:1432 [32minfo[39m: [32mRequête GET /1/configuration - IP: ::1[39m
30-03-2024 19:14:32:1432 [32minfo[39m: [32mRequête GET /1/categories - IP: ::1[39m
30-03-2024 19:15:29:1529 [32minfo[39m: [32mRequête GET /1/oeuvres-homePage - IP: ::1[39m
30-03-2024 19:15:29:1529 [32minfo[39m: [32mRequête GET /1 - IP: ::1[39m
30-03-2024 19:15:29:1529 [32minfo[39m: [32mRequête GET /1/categories/oeuvres - IP: ::1[39m
30-03-2024 19:15:29:1529 [32minfo[39m: [32mRequête GET /1/configuration - IP: ::1[39m
30-03-2024 19:15:29:1529 [32minfo[39m: [32mRequête GET /1/categories - IP: ::1[39m
30-03-2024 19:15:29:1529 [32minfo[39m: [32mRequête GET /1/categories - IP: ::1[39m
30-03-2024 19:15:29:1529 [32minfo[39m: [32mRequête GET /1/oeuvres - IP: ::1[39m
30-03-2024 19:15:30:1530 [32minfo[39m: [32mRequête GET /1/oeuvres-homePage - IP: ::1[39m
30-03-2024 19:15:30:1530 [32minfo[39m: [32mRequête GET /1 - IP: ::1[39m
30-03-2024 19:15:30:1530 [32minfo[39m: [32mRequête GET /1/categories/oeuvres - IP: ::1[39m
30-03-2024 19:15:30:1530 [32minfo[39m: [32mRequête GET /1/configuration - IP: ::1[39m
30-03-2024 19:15:30:1530 [32minfo[39m: [32mRequête GET /1/categories - IP: ::1[39m
30-03-2024 19:16:46:1646 [32minfo[39m: [32mRequête GET /1/oeuvres-homePage - IP: ::1[39m
30-03-2024 19:16:46:1646 [32minfo[39m: [32mRequête GET /1 - IP: ::1[39m
30-03-2024 19:16:46:1646 [32minfo[39m: [32mRequête GET /1/categories/oeuvres - IP: ::1[39m
30-03-2024 19:16:46:1646 [32minfo[39m: [32mRequête GET /1/configuration - IP: ::1[39m
30-03-2024 19:16:46:1646 [32minfo[39m: [32mRequête GET /1/categories - IP: ::1[39m
30-03-2024 19:16:46:1646 [32minfo[39m: [32mRequête GET /1/oeuvres - IP: ::1[39m
30-03-2024 19:16:46:1646 [32minfo[39m: [32mRequête GET /1/categories - IP: ::1[39m
30-03-2024 19:16:48:1648 [32minfo[39m: [32mRequête GET /1/oeuvres-homePage - IP: ::1[39m
30-03-2024 19:16:48:1648 [32minfo[39m: [32mRequête GET /1 - IP: ::1[39m
30-03-2024 19:16:48:1648 [32minfo[39m: [32mRequête GET /1/categories/oeuvres - IP: ::1[39m
30-03-2024 19:16:48:1648 [32minfo[39m: [32mRequête GET /1/configuration - IP: ::1[39m
30-03-2024 19:16:48:1648 [32minfo[39m: [32mRequête GET /1/categories - IP: ::1[39m
30-03-2024 19:17:08:178 [32minfo[39m: [32mRequête GET /1/oeuvres-homePage - IP: ::1[39m
30-03-2024 19:17:08:178 [32minfo[39m: [32mRequête GET /1 - IP: ::1[39m
30-03-2024 19:17:08:178 [32minfo[39m: [32mRequête GET /1/categories/oeuvres - IP: ::1[39m
30-03-2024 19:17:08:178 [32minfo[39m: [32mRequête GET /1/configuration - IP: ::1[39m
30-03-2024 19:17:08:178 [32minfo[39m: [32mRequête GET /1/categories - IP: ::1[39m
30-03-2024 19:17:08:178 [32minfo[39m: [32mRequête GET /1/categories - IP: ::1[39m
30-03-2024 19:17:08:178 [32minfo[39m: [32mRequête GET /1/oeuvres - IP: ::1[39m
30-03-2024 19:17:09:179 [32minfo[39m: [32mRequête GET /1/oeuvres-homePage - IP: ::1[39m
30-03-2024 19:17:09:179 [32minfo[39m: [32mRequête GET /1 - IP: ::1[39m
30-03-2024 19:17:09:179 [32minfo[39m: [32mRequête GET /1/categories/oeuvres - IP: ::1[39m
30-03-2024 19:17:09:179 [32minfo[39m: [32mRequête GET /1/configuration - IP: ::1[39m
30-03-2024 19:17:09:179 [32minfo[39m: [32mRequête GET /1/categories - IP: ::1[39m
30-03-2024 19:17:56:1756 [32minfo[39m: [32mRequête GET /1/oeuvres-homePage - IP: ::1[39m
30-03-2024 19:17:56:1756 [32minfo[39m: [32mRequête GET /1 - IP: ::1[39m
30-03-2024 19:17:56:1756 [32minfo[39m: [32mRequête GET /1/categories/oeuvres - IP: ::1[39m
30-03-2024 19:17:56:1756 [32minfo[39m: [32mRequête GET /1/configuration - IP: ::1[39m
30-03-2024 19:17:56:1756 [32minfo[39m: [32mRequête GET /1/categories - IP: ::1[39m
30-03-2024 19:17:56:1756 [32minfo[39m: [32mRequête GET /1/categories - IP: ::1[39m
30-03-2024 19:17:56:1756 [32minfo[39m: [32mRequête GET /1/oeuvres - IP: ::1[39m
30-03-2024 19:17:58:1758 [32minfo[39m: [32mRequête GET /1/oeuvres-homePage - IP: ::1[39m
30-03-2024 19:17:58:1758 [32minfo[39m: [32mRequête GET /1 - IP: ::1[39m
30-03-2024 19:17:58:1758 [32minfo[39m: [32mRequête GET /1/categories/oeuvres - IP: ::1[39m
30-03-2024 19:17:58:1758 [32minfo[39m: [32mRequête GET /1/configuration - IP: ::1[39m
30-03-2024 19:17:58:1758 [32minfo[39m: [32mRequête GET /1/categories - IP: ::1[39m
30-03-2024 19:18:41:1841 [32minfo[39m: [32mRequête GET /1/oeuvres-homePage - IP: ::1[39m
30-03-2024 19:18:41:1841 [32minfo[39m: [32mRequête GET /1 - IP: ::1[39m
30-03-2024 19:18:41:1841 [32minfo[39m: [32mRequête GET /1/categories/oeuvres - IP: ::1[39m
30-03-2024 19:18:41:1841 [32minfo[39m: [32mRequête GET /1/configuration - IP: ::1[39m
30-03-2024 19:18:41:1841 [32minfo[39m: [32mRequête GET /1/categories - IP: ::1[39m
30-03-2024 19:18:41:1841 [32minfo[39m: [32mRequête GET /1/categories - IP: ::1[39m
30-03-2024 19:18:41:1841 [32minfo[39m: [32mRequête GET /1/oeuvres - IP: ::1[39m
30-03-2024 19:18:42:1842 [32minfo[39m: [32mRequête GET /1/oeuvres-homePage - IP: ::1[39m
30-03-2024 19:18:42:1842 [32minfo[39m: [32mRequête GET /1 - IP: ::1[39m
30-03-2024 19:18:42:1842 [32minfo[39m: [32mRequête GET /1/categories/oeuvres - IP: ::1[39m
30-03-2024 19:18:42:1842 [32minfo[39m: [32mRequête GET /1/configuration - IP: ::1[39m
30-03-2024 19:18:42:1842 [32minfo[39m: [32mRequête GET /1/categories - IP: ::1[39m
30-03-2024 19:18:44:1844 [32minfo[39m: [32mRequête GET /1/oeuvres-homePage - IP: ::1[39m
30-03-2024 19:18:44:1844 [32minfo[39m: [32mRequête GET /1 - IP: ::1[39m
30-03-2024 19:18:44:1844 [32minfo[39m: [32mRequête GET /1/categories/oeuvres - IP: ::1[39m
30-03-2024 19:18:44:1844 [32minfo[39m: [32mRequête GET /1/configuration - IP: ::1[39m
30-03-2024 19:18:44:1844 [32minfo[39m: [32mRequête GET /1/categories - IP: ::1[39m
30-03-2024 19:18:44:1844 [32minfo[39m: [32mRequête GET /1/categories - IP: ::1[39m
30-03-2024 19:18:44:1844 [32minfo[39m: [32mRequête GET /1/oeuvres - IP: ::1[39m
30-03-2024 19:18:45:1845 [32minfo[39m: [32mRequête GET /1/oeuvres-homePage - IP: ::1[39m
30-03-2024 19:18:45:1845 [32minfo[39m: [32mRequête GET /1 - IP: ::1[39m
30-03-2024 19:18:45:1845 [32minfo[39m: [32mRequête GET /1/categories/oeuvres - IP: ::1[39m
30-03-2024 19:18:45:1845 [32minfo[39m: [32mRequête GET /1/configuration - IP: ::1[39m
30-03-2024 19:18:45:1845 [32minfo[39m: [32mRequête GET /1/categories - IP: ::1[39m
30-03-2024 19:18:48:1848 [32minfo[39m: [32mRequête GET /1/oeuvres-homePage - IP: ::1[39m
30-03-2024 19:18:48:1848 [32minfo[39m: [32mRequête GET /1 - IP: ::1[39m
30-03-2024 19:18:48:1848 [32minfo[39m: [32mRequête GET /1/categories/oeuvres - IP: ::1[39m
30-03-2024 19:18:48:1848 [32minfo[39m: [32mRequête GET /1/configuration - IP: ::1[39m
30-03-2024 19:18:48:1848 [32minfo[39m: [32mRequête GET /1/categories - IP: ::1[39m
30-03-2024 19:18:48:1848 [32minfo[39m: [32mRequête GET /1/categories - IP: ::1[39m
30-03-2024 19:18:48:1848 [32minfo[39m: [32mRequête GET /1/oeuvres - IP: ::1[39m
30-03-2024 19:18:49:1849 [32minfo[39m: [32mRequête GET /1/oeuvres-homePage - IP: ::1[39m
30-03-2024 19:18:49:1849 [32minfo[39m: [32mRequête GET /1 - IP: ::1[39m
30-03-2024 19:18:49:1849 [32minfo[39m: [32mRequête GET /1/categories/oeuvres - IP: ::1[39m
30-03-2024 19:18:49:1849 [32minfo[39m: [32mRequête GET /1/configuration - IP: ::1[39m
30-03-2024 19:18:49:1849 [32minfo[39m: [32mRequête GET /1/categories - IP: ::1[39m
30-03-2024 19:18:59:1859 [32minfo[39m: [32mRequête GET /1/oeuvres-homePage - IP: ::1[39m
30-03-2024 19:18:59:1859 [32minfo[39m: [32mRequête GET /1 - IP: ::1[39m
30-03-2024 19:18:59:1859 [32minfo[39m: [32mRequête GET /1/categories/oeuvres - IP: ::1[39m
30-03-2024 19:18:59:1859 [32minfo[39m: [32mRequête GET /1/configuration - IP: ::1[39m
30-03-2024 19:18:59:1859 [32minfo[39m: [32mRequête GET /1/categories - IP: ::1[39m
30-03-2024 19:18:59:1859 [32minfo[39m: [32mRequête GET /1/categories - IP: ::1[39m
30-03-2024 19:18:59:1859 [32minfo[39m: [32mRequête GET /1/oeuvres - IP: ::1[39m
30-03-2024 19:19:00:190 [32minfo[39m: [32mRequête GET /1/oeuvres-homePage - IP: ::1[39m
30-03-2024 19:19:00:190 [32minfo[39m: [32mRequête GET /1 - IP: ::1[39m
30-03-2024 19:19:00:190 [32minfo[39m: [32mRequête GET /1/categories/oeuvres - IP: ::1[39m
30-03-2024 19:19:00:190 [32minfo[39m: [32mRequête GET /1/configuration - IP: ::1[39m
30-03-2024 19:19:00:190 [32minfo[39m: [32mRequête GET /1/categories - IP: ::1[39m
30-03-2024 19:20:45:2045 [32minfo[39m: [32mRequête GET /1/oeuvres-homePage - IP: ::1[39m
30-03-2024 19:20:45:2045 [32minfo[39m: [32mRequête GET /1 - IP: ::1[39m
30-03-2024 19:20:45:2045 [32minfo[39m: [32mRequête GET /1/categories/oeuvres - IP: ::1[39m
30-03-2024 19:20:45:2045 [32minfo[39m: [32mRequête GET /1/configuration - IP: ::1[39m
30-03-2024 19:20:45:2045 [32minfo[39m: [32mRequête GET /1/categories - IP: ::1[39m
30-03-2024 19:20:45:2045 [32minfo[39m: [32mRequête GET /1/oeuvres - IP: ::1[39m
30-03-2024 19:20:45:2045 [32minfo[39m: [32mRequête GET /1/categories - IP: ::1[39m
30-03-2024 19:20:46:2046 [32minfo[39m: [32mRequête GET /1/oeuvres-homePage - IP: ::1[39m
30-03-2024 19:20:46:2046 [32minfo[39m: [32mRequête GET /1 - IP: ::1[39m
30-03-2024 19:20:46:2046 [32minfo[39m: [32mRequête GET /1/categories/oeuvres - IP: ::1[39m
30-03-2024 19:20:46:2046 [32minfo[39m: [32mRequête GET /1/configuration - IP: ::1[39m
30-03-2024 19:20:46:2046 [32minfo[39m: [32mRequête GET /1/categories - IP: ::1[39m
30-03-2024 19:21:47:2147 [32minfo[39m: [32mRequête GET /1/oeuvres-homePage - IP: ::1[39m
30-03-2024 19:21:47:2147 [32minfo[39m: [32mRequête GET /1 - IP: ::1[39m
30-03-2024 19:21:47:2147 [32minfo[39m: [32mRequête GET /1/categories/oeuvres - IP: ::1[39m
30-03-2024 19:21:47:2147 [32minfo[39m: [32mRequête GET /1/configuration - IP: ::1[39m
30-03-2024 19:21:47:2147 [32minfo[39m: [32mRequête GET /1/categories - IP: ::1[39m
30-03-2024 19:21:47:2147 [32minfo[39m: [32mRequête GET /1/categories - IP: ::1[39m
30-03-2024 19:21:47:2147 [32minfo[39m: [32mRequête GET /1/oeuvres - IP: ::1[39m
30-03-2024 19:21:48:2148 [32minfo[39m: [32mRequête GET /1/oeuvres-homePage - IP: ::1[39m
30-03-2024 19:21:48:2148 [32minfo[39m: [32mRequête GET /1 - IP: ::1[39m
30-03-2024 19:21:48:2148 [32minfo[39m: [32mRequête GET /1/categories/oeuvres - IP: ::1[39m
30-03-2024 19:21:48:2148 [32minfo[39m: [32mRequête GET /1/configuration - IP: ::1[39m
30-03-2024 19:21:48:2148 [32minfo[39m: [32mRequête GET /1/categories - IP: ::1[39m
30-03-2024 19:23:52:2352 [32minfo[39m: [32mRequête GET /1/oeuvres-homePage - IP: ::1[39m
30-03-2024 19:23:52:2352 [32minfo[39m: [32mRequête GET /1 - IP: ::1[39m
30-03-2024 19:23:52:2352 [32minfo[39m: [32mRequête GET /1/categories/oeuvres - IP: ::1[39m
30-03-2024 19:23:52:2352 [32minfo[39m: [32mRequête GET /1/configuration - IP: ::1[39m
30-03-2024 19:23:52:2352 [32minfo[39m: [32mRequête GET /1/categories - IP: ::1[39m
30-03-2024 19:23:52:2352 [32minfo[39m: [32mRequête GET /1/categories - IP: ::1[39m
30-03-2024 19:23:52:2352 [32minfo[39m: [32mRequête GET /1/oeuvres - IP: ::1[39m
30-03-2024 19:23:53:2353 [32minfo[39m: [32mRequête GET /1/oeuvres-homePage - IP: ::1[39m
30-03-2024 19:23:53:2353 [32minfo[39m: [32mRequête GET /1 - IP: ::1[39m
30-03-2024 19:23:53:2353 [32minfo[39m: [32mRequête GET /1/categories/oeuvres - IP: ::1[39m
30-03-2024 19:23:53:2353 [32minfo[39m: [32mRequête GET /1/configuration - IP: ::1[39m
30-03-2024 19:23:53:2353 [32minfo[39m: [32mRequête GET /1/categories - IP: ::1[39m
30-03-2024 19:26:27:2627 [32minfo[39m: [32mRequête GET /1/oeuvres-homePage - IP: ::1[39m
30-03-2024 19:26:27:2627 [32minfo[39m: [32mRequête GET /1 - IP: ::1[39m
30-03-2024 19:26:27:2627 [32minfo[39m: [32mRequête GET /1/categories/oeuvres - IP: ::1[39m
30-03-2024 19:26:27:2627 [32minfo[39m: [32mRequête GET /1/configuration - IP: ::1[39m
30-03-2024 19:26:27:2627 [32minfo[39m: [32mRequête GET /1/categories - IP: ::1[39m
30-03-2024 19:26:27:2627 [32minfo[39m: [32mRequête GET /1/categories - IP: ::1[39m
30-03-2024 19:26:27:2627 [32minfo[39m: [32mRequête GET /1/oeuvres - IP: ::1[39m
30-03-2024 19:26:28:2628 [32minfo[39m: [32mRequête GET /1/oeuvres-homePage - IP: ::1[39m
30-03-2024 19:26:28:2628 [32minfo[39m: [32mRequête GET /1 - IP: ::1[39m
30-03-2024 19:26:28:2628 [32minfo[39m: [32mRequête GET /1/categories/oeuvres - IP: ::1[39m
30-03-2024 19:26:28:2628 [32minfo[39m: [32mRequête GET /1/configuration - IP: ::1[39m
30-03-2024 19:26:28:2628 [32minfo[39m: [32mRequête GET /1/categories - IP: ::1[39m
30-03-2024 19:26:55:2655 [32minfo[39m: [32mRequête GET /1/oeuvres-homePage - IP: ::1[39m
30-03-2024 19:26:56:2656 [32minfo[39m: [32mRequête GET /1 - IP: ::1[39m
30-03-2024 19:26:56:2656 [32minfo[39m: [32mRequête GET /1/categories/oeuvres - IP: ::1[39m
30-03-2024 19:26:56:2656 [32minfo[39m: [32mRequête GET /1/configuration - IP: ::1[39m
30-03-2024 19:26:56:2656 [32minfo[39m: [32mRequête GET /1/categories - IP: ::1[39m
30-03-2024 19:26:56:2656 [32minfo[39m: [32mRequête GET /1/categories - IP: ::1[39m
30-03-2024 19:26:56:2656 [32minfo[39m: [32mRequête GET /1/oeuvres - IP: ::1[39m
30-03-2024 19:26:57:2657 [32minfo[39m: [32mRequête GET /1/oeuvres-homePage - IP: ::1[39m
30-03-2024 19:26:57:2657 [32minfo[39m: [32mRequête GET /1 - IP: ::1[39m
30-03-2024 19:26:57:2657 [32minfo[39m: [32mRequête GET /1/categories/oeuvres - IP: ::1[39m
30-03-2024 19:26:57:2657 [32minfo[39m: [32mRequête GET /1/configuration - IP: ::1[39m
30-03-2024 19:26:57:2657 [32minfo[39m: [32mRequête GET /1/categories - IP: ::1[39m
30-03-2024 19:27:22:2722 [32minfo[39m: [32mRequête GET /1/oeuvres-homePage - IP: ::1[39m
30-03-2024 19:27:22:2722 [32minfo[39m: [32mRequête GET /1 - IP: ::1[39m
30-03-2024 19:27:22:2722 [32minfo[39m: [32mRequête GET /1/categories/oeuvres - IP: ::1[39m
30-03-2024 19:27:22:2722 [32minfo[39m: [32mRequête GET /1/configuration - IP: ::1[39m
30-03-2024 19:27:22:2722 [32minfo[39m: [32mRequête GET /1/categories - IP: ::1[39m
30-03-2024 19:27:22:2722 [32minfo[39m: [32mRequête GET /1/categories - IP: ::1[39m
30-03-2024 19:27:22:2722 [32minfo[39m: [32mRequête GET /1/oeuvres - IP: ::1[39m
30-03-2024 19:27:23:2723 [32minfo[39m: [32mRequête GET /1/oeuvres-homePage - IP: ::1[39m
30-03-2024 19:27:23:2723 [32minfo[39m: [32mRequête GET /1 - IP: ::1[39m
30-03-2024 19:27:23:2723 [32minfo[39m: [32mRequête GET /1/categories/oeuvres - IP: ::1[39m
30-03-2024 19:27:23:2723 [32minfo[39m: [32mRequête GET /1/configuration - IP: ::1[39m
30-03-2024 19:27:23:2723 [32minfo[39m: [32mRequête GET /1/categories - IP: ::1[39m
30-03-2024 19:27:58:2758 [32minfo[39m: [32mRequête GET /1/oeuvres-homePage - IP: ::1[39m
30-03-2024 19:27:58:2758 [32minfo[39m: [32mRequête GET /1 - IP: ::1[39m
30-03-2024 19:27:58:2758 [32minfo[39m: [32mRequête GET /1/categories/oeuvres - IP: ::1[39m
30-03-2024 19:27:58:2758 [32minfo[39m: [32mRequête GET /1/configuration - IP: ::1[39m
30-03-2024 19:27:58:2758 [32minfo[39m: [32mRequête GET /1/categories - IP: ::1[39m
30-03-2024 19:27:58:2758 [32minfo[39m: [32mRequête GET /1/categories - IP: ::1[39m
30-03-2024 19:27:58:2758 [32minfo[39m: [32mRequête GET /1/oeuvres - IP: ::1[39m
30-03-2024 19:27:59:2759 [32minfo[39m: [32mRequête GET /1/oeuvres-homePage - IP: ::1[39m
30-03-2024 19:27:59:2759 [32minfo[39m: [32mRequête GET /1 - IP: ::1[39m
30-03-2024 19:27:59:2759 [32minfo[39m: [32mRequête GET /1/categories/oeuvres - IP: ::1[39m
30-03-2024 19:27:59:2759 [32minfo[39m: [32mRequête GET /1/configuration - IP: ::1[39m
30-03-2024 19:27:59:2759 [32minfo[39m: [32mRequête GET /1/categories - IP: ::1[39m
30-03-2024 19:28:39:2839 [32minfo[39m: [32mRequête GET /1/oeuvres-homePage - IP: ::1[39m
30-03-2024 19:28:39:2839 [32minfo[39m: [32mRequête GET /1 - IP: ::1[39m
30-03-2024 19:28:39:2839 [32minfo[39m: [32mRequête GET /1/categories/oeuvres - IP: ::1[39m
30-03-2024 19:28:39:2839 [32minfo[39m: [32mRequête GET /1/configuration - IP: ::1[39m
30-03-2024 19:28:39:2839 [32minfo[39m: [32mRequête GET /1/categories - IP: ::1[39m
30-03-2024 19:28:39:2839 [32minfo[39m: [32mRequête GET /1/categories - IP: ::1[39m
30-03-2024 19:28:39:2839 [32minfo[39m: [32mRequête GET /1/oeuvres - IP: ::1[39m
30-03-2024 19:28:41:2841 [32minfo[39m: [32mRequête GET /1/oeuvres-homePage - IP: ::1[39m
30-03-2024 19:28:41:2841 [32minfo[39m: [32mRequête GET /1 - IP: ::1[39m
30-03-2024 19:28:41:2841 [32minfo[39m: [32mRequête GET /1/categories/oeuvres - IP: ::1[39m
30-03-2024 19:28:41:2841 [32minfo[39m: [32mRequête GET /1/configuration - IP: ::1[39m
30-03-2024 19:28:41:2841 [32minfo[39m: [32mRequête GET /1/categories - IP: ::1[39m
30-03-2024 19:29:15:2915 [32minfo[39m: [32mRequête GET /1/oeuvres-homePage - IP: ::1[39m
30-03-2024 19:29:15:2915 [32minfo[39m: [32mRequête GET /1 - IP: ::1[39m
30-03-2024 19:29:15:2915 [32minfo[39m: [32mRequête GET /1/categories/oeuvres - IP: ::1[39m
30-03-2024 19:29:15:2915 [32minfo[39m: [32mRequête GET /1/configuration - IP: ::1[39m
30-03-2024 19:29:15:2915 [32minfo[39m: [32mRequête GET /1/categories - IP: ::1[39m
30-03-2024 19:29:15:2915 [32minfo[39m: [32mRequête GET /1/categories - IP: ::1[39m
30-03-2024 19:29:15:2915 [32minfo[39m: [32mRequête GET /1/oeuvres - IP: ::1[39m
30-03-2024 19:29:16:2916 [32minfo[39m: [32mRequête GET /1/oeuvres-homePage - IP: ::1[39m
30-03-2024 19:29:16:2916 [32minfo[39m: [32mRequête GET /1 - IP: ::1[39m
30-03-2024 19:29:16:2916 [32minfo[39m: [32mRequête GET /1/categories/oeuvres - IP: ::1[39m
30-03-2024 19:29:16:2916 [32minfo[39m: [32mRequête GET /1/configuration - IP: ::1[39m
30-03-2024 19:29:16:2916 [32minfo[39m: [32mRequête GET /1/categories - IP: ::1[39m
30-03-2024 19:46:02:462 [32minfo[39m: [32m[2024-03-30T18:46:02.483Z] - Démarrage du serveur Express.[39m
30-03-2024 19:46:06:466 [32minfo[39m: [32mRequête GET /1/oeuvres-homePage - IP: ::1[39m
30-03-2024 19:46:06:466 [32minfo[39m: [32mRequête GET /1 - IP: ::1[39m
30-03-2024 19:46:06:466 [32minfo[39m: [32mRequête GET /1/categories/oeuvres - IP: ::1[39m
30-03-2024 19:46:06:466 [32minfo[39m: [32mRequête GET /1/configuration - IP: ::1[39m
30-03-2024 19:46:06:466 [32minfo[39m: [32mRequête GET /1/categories - IP: ::1[39m
30-03-2024 19:46:08:468 [32minfo[39m: [32mRequête GET /1/categories - IP: ::1[39m
30-03-2024 19:46:08:468 [32minfo[39m: [32mRequête GET /1/oeuvres - IP: ::1[39m
30-03-2024 19:46:23:4623 [32minfo[39m: [32mRequête PATCH /1/categories/15 - IP: ::1[39m
30-03-2024 19:46:45:4645 [32minfo[39m: [32mRequête DELETE /1/categories/15 - IP: ::1[39m
30-03-2024 19:46:56:4656 [32minfo[39m: [32mRequête DELETE /1/categories/16 - IP: ::1[39m
30-03-2024 19:47:00:470 [32minfo[39m: [32mRequête GET /1/oeuvres-homePage - IP: ::1[39m
30-03-2024 19:47:00:470 [32minfo[39m: [32mRequête GET /1 - IP: ::1[39m
30-03-2024 19:47:00:470 [32minfo[39m: [32mRequête GET /1/categories/oeuvres - IP: ::1[39m
30-03-2024 19:47:00:470 [32minfo[39m: [32mRequête GET /1/configuration - IP: ::1[39m
30-03-2024 19:47:00:470 [32minfo[39m: [32mRequête GET /1/categories - IP: ::1[39m
30-03-2024 19:47:06:476 [32minfo[39m: [32mRequête DELETE /1/categories/14 - IP: ::1[39m
30-03-2024 19:47:17:4717 [32minfo[39m: [32mRequête GET /1/oeuvres-homePage - IP: ::1[39m
30-03-2024 19:47:17:4717 [32minfo[39m: [32mRequête GET /1 - IP: ::1[39m
30-03-2024 19:47:17:4717 [32minfo[39m: [32mRequête GET /1/categories/oeuvres - IP: ::1[39m
30-03-2024 19:47:17:4717 [32minfo[39m: [32mRequête GET /1/categories - IP: ::1[39m
30-03-2024 19:47:17:4717 [32minfo[39m: [32mRequête GET /1/configuration - IP: ::1[39m
30-03-2024 19:47:29:4729 [32minfo[39m: [32mRequête POST /1/categories - IP: ::1[39m
30-03-2024 19:47:51:4751 [32minfo[39m: [32mRequête GET /1/oeuvres-homePage - IP: ::1[39m
30-03-2024 19:47:51:4751 [32minfo[39m: [32mRequête GET /1 - IP: ::1[39m
30-03-2024 19:47:51:4751 [32minfo[39m: [32mRequête GET /1/categories/oeuvres - IP: ::1[39m
30-03-2024 19:47:51:4751 [32minfo[39m: [32mRequête GET /1/configuration - IP: ::1[39m
30-03-2024 19:47:51:4751 [32minfo[39m: [32mRequête GET /1/categories - IP: ::1[39m
30-03-2024 19:47:52:4752 [32minfo[39m: [32mRequête GET /1/oeuvres-homePage - IP: ::1[39m
30-03-2024 19:47:52:4752 [32minfo[39m: [32mRequête GET /1 - IP: ::1[39m
30-03-2024 19:47:52:4752 [32minfo[39m: [32mRequête GET /1/categories/oeuvres - IP: ::1[39m
30-03-2024 19:47:52:4752 [32minfo[39m: [32mRequête GET /1/configuration - IP: ::1[39m
30-03-2024 19:47:52:4752 [32minfo[39m: [32mRequête GET /1/categories - IP: ::1[39m
30-03-2024 19:47:52:4752 [32minfo[39m: [32mRequête GET /1/categories - IP: ::1[39m
30-03-2024 19:47:52:4752 [32minfo[39m: [32mRequête GET /1/oeuvres - IP: ::1[39m
30-03-2024 19:47:59:4759 [32minfo[39m: [32mRequête GET /1/oeuvres-homePage - IP: ::1[39m
30-03-2024 19:47:59:4759 [32minfo[39m: [32mRequête GET /1 - IP: ::1[39m
30-03-2024 19:47:59:4759 [32minfo[39m: [32mRequête GET /1/categories/oeuvres - IP: ::1[39m
30-03-2024 19:47:59:4759 [32minfo[39m: [32mRequête GET /1/configuration - IP: ::1[39m
30-03-2024 19:47:59:4759 [32minfo[39m: [32mRequête GET /1/categories - IP: ::1[39m
30-03-2024 19:48:00:480 [32minfo[39m: [32mRequête GET /1/oeuvres-homePage - IP: ::1[39m
30-03-2024 19:48:00:480 [32minfo[39m: [32mRequête GET /1 - IP: ::1[39m
30-03-2024 19:48:00:480 [32minfo[39m: [32mRequête GET /1/categories/oeuvres - IP: ::1[39m
30-03-2024 19:48:00:480 [32minfo[39m: [32mRequête GET /1/configuration - IP: ::1[39m
30-03-2024 19:48:00:480 [32minfo[39m: [32mRequête GET /1/categories - IP: ::1[39m
30-03-2024 19:48:00:480 [32minfo[39m: [32mRequête GET /1/categories - IP: ::1[39m
30-03-2024 19:48:00:480 [32minfo[39m: [32mRequête GET /1/oeuvres - IP: ::1[39m
30-03-2024 19:48:03:483 [32minfo[39m: [32mRequête GET /1/oeuvres-homePage - IP: ::1[39m
30-03-2024 19:48:03:483 [32minfo[39m: [32mRequête GET /1 - IP: ::1[39m
30-03-2024 19:48:03:483 [32minfo[39m: [32mRequête GET /1/categories/oeuvres - IP: ::1[39m
30-03-2024 19:48:03:483 [32minfo[39m: [32mRequête GET /1/configuration - IP: ::1[39m
30-03-2024 19:48:03:483 [32minfo[39m: [32mRequête GET /1/categories - IP: ::1[39m
30-03-2024 19:48:04:484 [32minfo[39m: [32mRequête GET /1/oeuvres-homePage - IP: ::1[39m
30-03-2024 19:48:04:484 [32minfo[39m: [32mRequête GET /1 - IP: ::1[39m
30-03-2024 19:48:04:484 [32minfo[39m: [32mRequête GET /1/categories/oeuvres - IP: ::1[39m
30-03-2024 19:48:04:484 [32minfo[39m: [32mRequête GET /1/configuration - IP: ::1[39m
30-03-2024 19:48:04:484 [32minfo[39m: [32mRequête GET /1/categories - IP: ::1[39m
30-03-2024 19:48:04:484 [32minfo[39m: [32mRequête GET /1/categories - IP: ::1[39m
30-03-2024 19:48:04:484 [32minfo[39m: [32mRequête GET /1/oeuvres - IP: ::1[39m
30-03-2024 19:48:25:4825 [32minfo[39m: [32mRequête GET /1/oeuvres-homePage - IP: ::1[39m
30-03-2024 19:48:25:4825 [32minfo[39m: [32mRequête GET /1 - IP: ::1[39m
30-03-2024 19:48:25:4825 [32minfo[39m: [32mRequête GET /1/categories/oeuvres - IP: ::1[39m
30-03-2024 19:48:25:4825 [32minfo[39m: [32mRequête GET /1/configuration - IP: ::1[39m
30-03-2024 19:48:25:4825 [32minfo[39m: [32mRequête GET /1/categories - IP: ::1[39m
30-03-2024 19:48:25:4825 [32minfo[39m: [32mRequête GET /1/oeuvres-homePage - IP: ::1[39m
30-03-2024 19:48:25:4825 [32minfo[39m: [32mRequête GET /1 - IP: ::1[39m
30-03-2024 19:48:25:4825 [32minfo[39m: [32mRequête GET /1/categories/oeuvres - IP: ::1[39m
30-03-2024 19:48:25:4825 [32minfo[39m: [32mRequête GET /1/configuration - IP: ::1[39m
30-03-2024 19:48:25:4825 [32minfo[39m: [32mRequête GET /1/categories - IP: ::1[39m
30-03-2024 19:48:39:4839 [32minfo[39m: [32mRequête POST /1/categories - IP: ::1[39m
30-03-2024 19:48:52:4852 [32minfo[39m: [32mRequête PATCH /1/categories/17 - IP: ::1[39m
30-03-2024 19:48:58:4858 [32minfo[39m: [32mRequête GET /1/oeuvres-homePage - IP: ::1[39m
30-03-2024 19:48:58:4858 [32minfo[39m: [32mRequête GET /1 - IP: ::1[39m
30-03-2024 19:48:58:4858 [32minfo[39m: [32mRequête GET /1/categories/oeuvres - IP: ::1[39m
30-03-2024 19:48:58:4858 [32minfo[39m: [32mRequête GET /1/configuration - IP: ::1[39m
30-03-2024 19:48:58:4858 [32minfo[39m: [32mRequête GET /1/categories - IP: ::1[39m
30-03-2024 19:49:04:494 [32minfo[39m: [32mRequête DELETE /1/categories/17 - IP: ::1[39m
30-03-2024 19:49:10:4910 [32minfo[39m: [32mRequête GET /1/oeuvres-homePage - IP: ::1[39m
30-03-2024 19:49:10:4910 [32minfo[39m: [32mRequête GET /1 - IP: ::1[39m
30-03-2024 19:49:10:4910 [32minfo[39m: [32mRequête GET /1/categories/oeuvres - IP: ::1[39m
30-03-2024 19:49:10:4910 [32minfo[39m: [32mRequête GET /1/configuration - IP: ::1[39m
30-03-2024 19:49:10:4910 [32minfo[39m: [32mRequête GET /1/categories - IP: ::1[39m
30-03-2024 19:49:16:4916 [32minfo[39m: [32mRequête DELETE /1/categories/18 - IP: ::1[39m
30-03-2024 19:49:21:4921 [32minfo[39m: [32mRequête GET /1/categories - IP: ::1[39m
30-03-2024 19:49:21:4921 [32minfo[39m: [32mRequête GET /1/oeuvres - IP: ::1[39m
30-03-2024 19:54:29:5429 [32minfo[39m: [32mRequête GET /1/categories - IP: ::1[39m
30-03-2024 19:54:29:5429 [32minfo[39m: [32mRequête GET /1/oeuvres - IP: ::1[39m
30-03-2024 19:54:36:5436 [32minfo[39m: [32mRequête GET /1/oeuvres-homePage - IP: ::1[39m
30-03-2024 19:54:36:5436 [32minfo[39m: [32mRequête GET /1 - IP: ::1[39m
30-03-2024 19:54:36:5436 [32minfo[39m: [32mRequête GET /1/categories/oeuvres - IP: ::1[39m
30-03-2024 19:54:36:5436 [32minfo[39m: [32mRequête GET /1/configuration - IP: ::1[39m
30-03-2024 19:54:36:5436 [32minfo[39m: [32mRequête GET /1/categories - IP: ::1[39m
30-03-2024 19:54:36:5436 [32minfo[39m: [32mRequête GET /1/oeuvres-homePage - IP: ::1[39m
30-03-2024 19:54:36:5436 [32minfo[39m: [32mRequête GET /1 - IP: ::1[39m
30-03-2024 19:54:36:5436 [32minfo[39m: [32mRequête GET /1/categories - IP: ::1[39m
30-03-2024 19:54:36:5436 [32minfo[39m: [32mRequête GET /1/configuration - IP: ::1[39m
30-03-2024 19:54:36:5436 [32minfo[39m: [32mRequête GET /1/categories/oeuvres - IP: ::1[39m
30-03-2024 19:54:36:5436 [32minfo[39m: [32mRequête GET /1/oeuvres - IP: ::1[39m
30-03-2024 19:54:36:5436 [32minfo[39m: [32mRequête GET /1/categories - IP: ::1[39m
30-03-2024 19:54:44:5444 [32minfo[39m: [32mRequête GET /1/categories - IP: ::1[39m
30-03-2024 19:54:44:5444 [32minfo[39m: [32mRequête GET /1/oeuvres - IP: ::1[39m
30-03-2024 19:58:34:5834 [32minfo[39m: [32mRequête GET /1/categories - IP: ::1[39m
30-03-2024 19:58:34:5834 [32minfo[39m: [32mRequête GET /1/oeuvres - IP: ::1[39m
30-03-2024 19:58:35:5835 [32minfo[39m: [32mRequête GET /1/categories - IP: ::1[39m
30-03-2024 19:58:35:5835 [32minfo[39m: [32mRequête GET /1/oeuvres - IP: ::1[39m
30-03-2024 19:59:49:5949 [32minfo[39m: [32mRequête GET /1/categories - IP: ::1[39m
30-03-2024 19:59:49:5949 [32minfo[39m: [32mRequête GET /1/oeuvres - IP: ::1[39m
30-03-2024 19:59:50:5950 [32minfo[39m: [32mRequête GET /1/categories - IP: ::1[39m
30-03-2024 19:59:50:5950 [32minfo[39m: [32mRequête GET /1/oeuvres - IP: ::1[39m
30-03-2024 19:59:58:5958 [32minfo[39m: [32mRequête GET /1/oeuvres-homePage - IP: ::1[39m
30-03-2024 19:59:58:5958 [32minfo[39m: [32mRequête GET /1 - IP: ::1[39m
30-03-2024 19:59:58:5958 [32minfo[39m: [32mRequête GET /1/categories/oeuvres - IP: ::1[39m
30-03-2024 19:59:58:5958 [32minfo[39m: [32mRequête GET /1/configuration - IP: ::1[39m
30-03-2024 19:59:58:5958 [32minfo[39m: [32mRequête GET /1/categories - IP: ::1[39m
30-03-2024 19:59:58:5958 [32minfo[39m: [32mRequête GET /1/categories - IP: ::1[39m
30-03-2024 19:59:58:5958 [32minfo[39m: [32mRequête GET /1/oeuvres - IP: ::1[39m
30-03-2024 19:59:59:5959 [32minfo[39m: [32mRequête GET /1/oeuvres-homePage - IP: ::1[39m
30-03-2024 19:59:59:5959 [32minfo[39m: [32mRequête GET /1 - IP: ::1[39m
30-03-2024 19:59:59:5959 [32minfo[39m: [32mRequête GET /1/categories/oeuvres - IP: ::1[39m
30-03-2024 19:59:59:5959 [32minfo[39m: [32mRequête GET /1/configuration - IP: ::1[39m
30-03-2024 19:59:59:5959 [32minfo[39m: [32mRequête GET /1/categories - IP: ::1[39m
30-03-2024 20:00:08:08 [32minfo[39m: [32mRequête GET /1/categories - IP: ::1[39m
30-03-2024 20:00:08:08 [32minfo[39m: [32mRequête GET /1/oeuvres - IP: ::1[39m
30-03-2024 20:00:32:032 [32minfo[39m: [32mRequête GET /1/categories - IP: ::1[39m
30-03-2024 20:00:32:032 [32minfo[39m: [32mRequête GET /1/oeuvres - IP: ::1[39m
30-03-2024 20:00:33:033 [32minfo[39m: [32mRequête GET /1/categories - IP: ::1[39m
30-03-2024 20:00:33:033 [32minfo[39m: [32mRequête GET /1/oeuvres - IP: ::1[39m
30-03-2024 20:01:24:124 [32minfo[39m: [32mRequête GET /1/categories - IP: ::1[39m
30-03-2024 20:01:24:124 [32minfo[39m: [32mRequête GET /1/oeuvres - IP: ::1[39m
30-03-2024 20:01:25:125 [32minfo[39m: [32mRequête GET /1/categories - IP: ::1[39m
30-03-2024 20:01:25:125 [32minfo[39m: [32mRequête GET /1/oeuvres - IP: ::1[39m
30-03-2024 20:01:29:129 [32minfo[39m: [32mRequête GET /1/oeuvres-homePage - IP: ::1[39m
30-03-2024 20:01:29:129 [32minfo[39m: [32mRequête GET /1 - IP: ::1[39m
30-03-2024 20:01:29:129 [32minfo[39m: [32mRequête GET /1/categories/oeuvres - IP: ::1[39m
30-03-2024 20:01:29:129 [32minfo[39m: [32mRequête GET /1/configuration - IP: ::1[39m
30-03-2024 20:01:29:129 [32minfo[39m: [32mRequête GET /1/categories - IP: ::1[39m
30-03-2024 20:01:29:129 [32minfo[39m: [32mRequête GET /1/categories - IP: ::1[39m
30-03-2024 20:01:29:129 [32minfo[39m: [32mRequête GET /1/oeuvres - IP: ::1[39m
30-03-2024 20:01:54:154 [32minfo[39m: [32mRequête GET /1/categories - IP: ::1[39m
30-03-2024 20:01:54:154 [32minfo[39m: [32mRequête GET /1/oeuvres - IP: ::1[39m
30-03-2024 20:01:55:155 [32minfo[39m: [32mRequête GET /1/categories - IP: ::1[39m
30-03-2024 20:01:55:155 [32minfo[39m: [32mRequête GET /1/oeuvres - IP: ::1[39m
